[2024-10-01 19:24:50,689][flwr][INFO] - Starting Flower simulation, config: ServerConfig(num_rounds=2, round_timeout=None)
[2024-10-01 19:24:53,017][flwr][INFO] - Flower VCE: Ray initialized with resources: {'memory': 6437850318.0, 'object_store_memory': 3218925158.0, 'node:10.0.0.182': 1.0, 'CPU': 12.0}
[2024-10-01 19:24:53,018][flwr][INFO] - Initializing global parameters
[2024-10-01 19:24:53,019][flwr][INFO] - Requesting initial parameters from one random client
[2024-10-01 19:24:54,341][flwr][INFO] - Received initial parameters from one random client
[2024-10-01 19:24:54,341][flwr][INFO] - Evaluating initial parameters
[2024-10-01 19:24:54,341][flwr][INFO] - FL starting
[2024-10-01 19:24:54,341][flwr][DEBUG] - fit_round 1: strategy sampled 20 clients (out of 20)
[2024-10-01 19:25:09,927][flwr][DEBUG] - fit_round 1 received 20 results and 0 failures
[2024-10-01 19:25:09,993][flwr][WARNING] - No fit_metrics_aggregation_fn provided
[2024-10-01 19:25:09,994][flwr][INFO] - evaluate_round 1: no clients selected, cancel
[2024-10-01 19:25:09,994][flwr][DEBUG] - fit_round 2: strategy sampled 20 clients (out of 20)
[2024-10-01 19:25:25,470][flwr][DEBUG] - fit_round 2 received 20 results and 0 failures
[2024-10-01 19:25:25,502][flwr][INFO] - evaluate_round 2: no clients selected, cancel
[2024-10-01 19:25:25,502][flwr][INFO] - FL finished in 31.16095064500405
[2024-10-01 19:25:25,502][flwr][INFO] - app_fit: losses_distributed []
[2024-10-01 19:25:25,502][flwr][INFO] - app_fit: metrics_distributed_fit {}
[2024-10-01 19:25:25,502][flwr][INFO] - app_fit: metrics_distributed {}
[2024-10-01 19:25:25,502][flwr][INFO] - app_fit: losses_centralized []
[2024-10-01 19:25:25,502][flwr][INFO] - app_fit: metrics_centralized {}
[2024-10-01 19:26:32,035][flwr][INFO] - Starting Flower simulation, config: ServerConfig(num_rounds=10, round_timeout=None)
[2024-10-01 19:26:36,840][flwr][INFO] - Flower VCE: Ray initialized with resources: {'CPU': 12.0, 'node:10.0.0.182': 1.0, 'memory': 6394790708.0, 'object_store_memory': 3197395353.0}
[2024-10-01 19:26:36,841][flwr][INFO] - Initializing global parameters
[2024-10-01 19:26:36,841][flwr][INFO] - Requesting initial parameters from one random client
[2024-10-01 19:26:38,242][flwr][INFO] - Received initial parameters from one random client
[2024-10-01 19:26:38,242][flwr][INFO] - Evaluating initial parameters
[2024-10-01 19:26:39,288][flwr][INFO] - initial parameters (loss, other metrics): 182.14870882034302, {'accuracy': 0.0988}
[2024-10-01 19:26:39,288][flwr][INFO] - FL starting
[2024-10-01 19:26:39,288][flwr][DEBUG] - fit_round 1: strategy sampled 6 clients (out of 6)
[2024-10-01 19:26:44,944][flwr][DEBUG] - fit_round 1 received 6 results and 0 failures
[2024-10-01 19:26:44,966][flwr][WARNING] - No fit_metrics_aggregation_fn provided
[2024-10-01 19:26:46,042][flwr][INFO] - fit progress: (1, 164.28420913219452, {'accuracy': 0.2333}, 6.753776981997362)
[2024-10-01 19:26:46,042][flwr][DEBUG] - evaluate_round 1: strategy sampled 6 clients (out of 6)
[2024-10-01 19:26:49,903][flwr][DEBUG] - evaluate_round 1 received 6 results and 0 failures
[2024-10-01 19:26:49,905][flwr][WARNING] - No evaluate_metrics_aggregation_fn provided
[2024-10-01 19:26:49,905][flwr][DEBUG] - fit_round 2: strategy sampled 6 clients (out of 6)
[2024-10-01 19:26:54,597][flwr][DEBUG] - fit_round 2 received 6 results and 0 failures
[2024-10-01 19:26:55,691][flwr][INFO] - fit progress: (2, 155.16642844676971, {'accuracy': 0.2908}, 16.40309572700062)
[2024-10-01 19:26:55,692][flwr][DEBUG] - evaluate_round 2: strategy sampled 6 clients (out of 6)
[2024-10-01 19:27:00,240][flwr][DEBUG] - evaluate_round 2 received 6 results and 0 failures
[2024-10-01 19:27:00,241][flwr][DEBUG] - fit_round 3: strategy sampled 6 clients (out of 6)
[2024-10-01 19:27:05,127][flwr][DEBUG] - fit_round 3 received 6 results and 0 failures
[2024-10-01 19:27:06,219][flwr][INFO] - fit progress: (3, 147.7474445104599, {'accuracy': 0.3165}, 26.930796635999286)
[2024-10-01 19:27:06,219][flwr][DEBUG] - evaluate_round 3: strategy sampled 6 clients (out of 6)
[2024-10-01 19:27:10,158][flwr][DEBUG] - evaluate_round 3 received 6 results and 0 failures
[2024-10-01 19:27:10,161][flwr][DEBUG] - fit_round 4: strategy sampled 6 clients (out of 6)
[2024-10-01 19:27:15,029][flwr][DEBUG] - fit_round 4 received 6 results and 0 failures
[2024-10-01 19:27:16,127][flwr][INFO] - fit progress: (4, 135.2404373884201, {'accuracy': 0.378}, 36.83846233499935)
[2024-10-01 19:27:16,127][flwr][DEBUG] - evaluate_round 4: strategy sampled 6 clients (out of 6)
[2024-10-01 19:27:19,882][flwr][DEBUG] - evaluate_round 4 received 6 results and 0 failures
[2024-10-01 19:27:19,884][flwr][DEBUG] - fit_round 5: strategy sampled 6 clients (out of 6)
[2024-10-01 19:27:24,510][flwr][DEBUG] - fit_round 5 received 6 results and 0 failures
[2024-10-01 19:27:25,598][flwr][INFO] - fit progress: (5, 127.74014687538147, {'accuracy': 0.4205}, 46.31010928499745)
[2024-10-01 19:27:25,599][flwr][DEBUG] - evaluate_round 5: strategy sampled 6 clients (out of 6)
[2024-10-01 19:27:29,454][flwr][DEBUG] - evaluate_round 5 received 6 results and 0 failures
[2024-10-01 19:27:29,455][flwr][DEBUG] - fit_round 6: strategy sampled 6 clients (out of 6)
[2024-10-01 19:27:34,089][flwr][DEBUG] - fit_round 6 received 6 results and 0 failures
[2024-10-01 19:27:35,198][flwr][INFO] - fit progress: (6, 124.3167736530304, {'accuracy': 0.4304}, 55.9093248019999)
[2024-10-01 19:27:35,198][flwr][DEBUG] - evaluate_round 6: strategy sampled 6 clients (out of 6)
[2024-10-01 19:27:39,045][flwr][DEBUG] - evaluate_round 6 received 6 results and 0 failures
[2024-10-01 19:27:39,045][flwr][DEBUG] - fit_round 7: strategy sampled 6 clients (out of 6)
[2024-10-01 19:27:43,671][flwr][DEBUG] - fit_round 7 received 6 results and 0 failures
[2024-10-01 19:27:44,767][flwr][INFO] - fit progress: (7, 121.1115289926529, {'accuracy': 0.442}, 65.47853293400112)
[2024-10-01 19:27:44,767][flwr][DEBUG] - evaluate_round 7: strategy sampled 6 clients (out of 6)
[2024-10-01 19:27:48,492][flwr][DEBUG] - evaluate_round 7 received 6 results and 0 failures
[2024-10-01 19:27:48,492][flwr][DEBUG] - fit_round 8: strategy sampled 6 clients (out of 6)
[2024-10-01 19:27:53,359][flwr][DEBUG] - fit_round 8 received 6 results and 0 failures
[2024-10-01 19:27:54,403][flwr][INFO] - fit progress: (8, 118.1900349855423, {'accuracy': 0.4604}, 75.11450416000298)
[2024-10-01 19:27:54,403][flwr][DEBUG] - evaluate_round 8: strategy sampled 6 clients (out of 6)
[2024-10-01 19:27:58,262][flwr][DEBUG] - evaluate_round 8 received 6 results and 0 failures
[2024-10-01 19:27:58,263][flwr][DEBUG] - fit_round 9: strategy sampled 6 clients (out of 6)
[2024-10-01 19:28:03,026][flwr][DEBUG] - fit_round 9 received 6 results and 0 failures
[2024-10-01 19:28:04,077][flwr][INFO] - fit progress: (9, 116.53309071063995, {'accuracy': 0.4626}, 84.78850077200332)
[2024-10-01 19:28:04,077][flwr][DEBUG] - evaluate_round 9: strategy sampled 6 clients (out of 6)
[2024-10-01 19:28:07,815][flwr][DEBUG] - evaluate_round 9 received 6 results and 0 failures
[2024-10-01 19:28:07,816][flwr][DEBUG] - fit_round 10: strategy sampled 6 clients (out of 6)
[2024-10-01 19:28:12,647][flwr][DEBUG] - fit_round 10 received 6 results and 0 failures
[2024-10-01 19:28:13,747][flwr][INFO] - fit progress: (10, 112.7825014591217, {'accuracy': 0.4799}, 94.45900206700026)
[2024-10-01 19:28:13,747][flwr][DEBUG] - evaluate_round 10: strategy sampled 6 clients (out of 6)
[2024-10-01 19:28:17,572][flwr][DEBUG] - evaluate_round 10 received 6 results and 0 failures
[2024-10-01 19:28:17,572][flwr][INFO] - FL finished in 98.28411101899837
[2024-10-01 19:28:17,573][flwr][INFO] - app_fit: losses_distributed [(1, 27.09350170691808), (2, 25.705288032690685), (3, 24.704067289829254), (4, 22.526630957921345), (5, 21.340584099292755), (6, 20.789650460084278), (7, 20.319820404052734), (8, 19.88173484802246), (9, 19.54226329922676), (10, 19.074256827433903)]
[2024-10-01 19:28:17,573][flwr][INFO] - app_fit: metrics_distributed_fit {}
[2024-10-01 19:28:17,573][flwr][INFO] - app_fit: metrics_distributed {}
[2024-10-01 19:28:17,573][flwr][INFO] - app_fit: losses_centralized [(0, 182.14870882034302), (1, 164.28420913219452), (2, 155.16642844676971), (3, 147.7474445104599), (4, 135.2404373884201), (5, 127.74014687538147), (6, 124.3167736530304), (7, 121.1115289926529), (8, 118.1900349855423), (9, 116.53309071063995), (10, 112.7825014591217)]
[2024-10-01 19:28:17,573][flwr][INFO] - app_fit: metrics_centralized {'accuracy': [(0, 0.0988), (1, 0.2333), (2, 0.2908), (3, 0.3165), (4, 0.378), (5, 0.4205), (6, 0.4304), (7, 0.442), (8, 0.4604), (9, 0.4626), (10, 0.4799)]}
[2024-10-01 19:28:25,599][flwr][INFO] - Starting Flower simulation, config: ServerConfig(num_rounds=10, round_timeout=None)
[2024-10-01 19:28:30,171][flwr][INFO] - Flower VCE: Ray initialized with resources: {'object_store_memory': 3215949004.0, 'node:10.0.0.182': 1.0, 'memory': 6431898011.0, 'CPU': 12.0}
[2024-10-01 19:28:30,174][flwr][INFO] - Initializing global parameters
[2024-10-01 19:28:30,174][flwr][INFO] - Requesting initial parameters from one random client
[2024-10-01 19:28:31,569][flwr][INFO] - Received initial parameters from one random client
[2024-10-01 19:28:31,569][flwr][INFO] - Evaluating initial parameters
[2024-10-01 19:28:32,631][flwr][INFO] - initial parameters (loss, other metrics): 182.17467951774597, {'accuracy': 0.0991}
[2024-10-01 19:28:32,631][flwr][INFO] - FL starting
[2024-10-01 19:28:32,631][flwr][DEBUG] - fit_round 1: strategy sampled 8 clients (out of 8)
[2024-10-01 19:28:40,162][flwr][DEBUG] - fit_round 1 received 8 results and 0 failures
[2024-10-01 19:28:40,171][flwr][WARNING] - No fit_metrics_aggregation_fn provided
[2024-10-01 19:28:41,220][flwr][INFO] - fit progress: (1, 180.1713216304779, {'accuracy': 0.1465}, 8.58895810499962)
[2024-10-01 19:28:41,220][flwr][DEBUG] - evaluate_round 1: strategy sampled 8 clients (out of 8)
[2024-10-01 19:28:46,257][flwr][DEBUG] - evaluate_round 1 received 8 results and 0 failures
[2024-10-01 19:28:46,259][flwr][WARNING] - No evaluate_metrics_aggregation_fn provided
[2024-10-01 19:28:46,259][flwr][DEBUG] - fit_round 2: strategy sampled 8 clients (out of 8)
[2024-10-01 19:28:52,528][flwr][DEBUG] - fit_round 2 received 8 results and 0 failures
[2024-10-01 19:28:53,628][flwr][INFO] - fit progress: (2, 158.2600498199463, {'accuracy': 0.2621}, 20.997174069998437)
[2024-10-01 19:28:53,629][flwr][DEBUG] - evaluate_round 2: strategy sampled 8 clients (out of 8)
[2024-10-01 19:28:58,731][flwr][DEBUG] - evaluate_round 2 received 8 results and 0 failures
[2024-10-01 19:28:58,731][flwr][DEBUG] - fit_round 3: strategy sampled 8 clients (out of 8)
[2024-10-01 19:29:05,050][flwr][DEBUG] - fit_round 3 received 8 results and 0 failures
[2024-10-01 19:29:06,112][flwr][INFO] - fit progress: (3, 143.8653347492218, {'accuracy': 0.3358}, 33.48022685899923)
[2024-10-01 19:29:06,112][flwr][DEBUG] - evaluate_round 3: strategy sampled 8 clients (out of 8)
[2024-10-01 19:29:11,210][flwr][DEBUG] - evaluate_round 3 received 8 results and 0 failures
[2024-10-01 19:29:11,211][flwr][DEBUG] - fit_round 4: strategy sampled 8 clients (out of 8)
[2024-10-01 19:29:17,665][flwr][DEBUG] - fit_round 4 received 8 results and 0 failures
[2024-10-01 19:29:18,772][flwr][INFO] - fit progress: (4, 133.26111543178558, {'accuracy': 0.3924}, 46.14057764699828)
[2024-10-01 19:29:18,772][flwr][DEBUG] - evaluate_round 4: strategy sampled 8 clients (out of 8)
[2024-10-01 19:29:23,887][flwr][DEBUG] - evaluate_round 4 received 8 results and 0 failures
[2024-10-01 19:29:23,887][flwr][DEBUG] - fit_round 5: strategy sampled 8 clients (out of 8)
[2024-10-01 19:29:30,182][flwr][DEBUG] - fit_round 5 received 8 results and 0 failures
[2024-10-01 19:29:31,288][flwr][INFO] - fit progress: (5, 127.9390276670456, {'accuracy': 0.4211}, 58.656405114001245)
[2024-10-01 19:29:31,288][flwr][DEBUG] - evaluate_round 5: strategy sampled 8 clients (out of 8)
[2024-10-01 19:29:36,306][flwr][DEBUG] - evaluate_round 5 received 8 results and 0 failures
[2024-10-01 19:29:36,308][flwr][DEBUG] - fit_round 6: strategy sampled 8 clients (out of 8)
[2024-10-01 19:29:42,732][flwr][DEBUG] - fit_round 6 received 8 results and 0 failures
[2024-10-01 19:29:43,803][flwr][INFO] - fit progress: (6, 121.65216553211212, {'accuracy': 0.4399}, 71.17185717500251)
[2024-10-01 19:29:43,803][flwr][DEBUG] - evaluate_round 6: strategy sampled 8 clients (out of 8)
[2024-10-01 19:29:48,891][flwr][DEBUG] - evaluate_round 6 received 8 results and 0 failures
[2024-10-01 19:29:48,892][flwr][DEBUG] - fit_round 7: strategy sampled 8 clients (out of 8)
[2024-10-01 19:29:55,340][flwr][DEBUG] - fit_round 7 received 8 results and 0 failures
[2024-10-01 19:29:56,431][flwr][INFO] - fit progress: (7, 119.54835176467896, {'accuracy': 0.4505}, 83.7997623600022)
[2024-10-01 19:29:56,431][flwr][DEBUG] - evaluate_round 7: strategy sampled 8 clients (out of 8)
[2024-10-01 19:30:01,442][flwr][DEBUG] - evaluate_round 7 received 8 results and 0 failures
[2024-10-01 19:30:01,442][flwr][DEBUG] - fit_round 8: strategy sampled 8 clients (out of 8)
[2024-10-01 19:30:07,780][flwr][DEBUG] - fit_round 8 received 8 results and 0 failures
[2024-10-01 19:30:08,898][flwr][INFO] - fit progress: (8, 117.08010137081146, {'accuracy': 0.4691}, 96.26624248400185)
[2024-10-01 19:30:08,898][flwr][DEBUG] - evaluate_round 8: strategy sampled 8 clients (out of 8)
[2024-10-01 19:30:13,979][flwr][DEBUG] - evaluate_round 8 received 8 results and 0 failures
[2024-10-01 19:30:13,979][flwr][DEBUG] - fit_round 9: strategy sampled 8 clients (out of 8)
[2024-10-01 19:30:20,031][flwr][DEBUG] - fit_round 9 received 8 results and 0 failures
[2024-10-01 19:30:21,131][flwr][INFO] - fit progress: (9, 114.26058840751648, {'accuracy': 0.476}, 108.4994116529997)
[2024-10-01 19:30:21,131][flwr][DEBUG] - evaluate_round 9: strategy sampled 8 clients (out of 8)
[2024-10-01 19:30:26,198][flwr][DEBUG] - evaluate_round 9 received 8 results and 0 failures
[2024-10-01 19:30:26,200][flwr][DEBUG] - fit_round 10: strategy sampled 8 clients (out of 8)
[2024-10-01 19:30:32,810][flwr][DEBUG] - fit_round 10 received 8 results and 0 failures
[2024-10-01 19:30:33,934][flwr][INFO] - fit progress: (10, 114.07461023330688, {'accuracy': 0.4883}, 121.30311219700525)
[2024-10-01 19:30:33,935][flwr][DEBUG] - evaluate_round 10: strategy sampled 8 clients (out of 8)
[2024-10-01 19:30:39,103][flwr][DEBUG] - evaluate_round 10 received 8 results and 0 failures
[2024-10-01 19:30:39,105][flwr][INFO] - FL finished in 126.47379999700206
[2024-10-01 19:30:39,105][flwr][INFO] - app_fit: losses_distributed [(1, 29.659464091062546), (2, 26.037442415952682), (3, 23.844535872340202), (4, 22.118240296840668), (5, 21.193438187241554), (6, 20.097346931695938), (7, 19.65190088748932), (8, 19.32150386273861), (9, 18.891860336065292), (10, 18.904386788606644)]
[2024-10-01 19:30:39,105][flwr][INFO] - app_fit: metrics_distributed_fit {}
[2024-10-01 19:30:39,105][flwr][INFO] - app_fit: metrics_distributed {}
[2024-10-01 19:30:39,106][flwr][INFO] - app_fit: losses_centralized [(0, 182.17467951774597), (1, 180.1713216304779), (2, 158.2600498199463), (3, 143.8653347492218), (4, 133.26111543178558), (5, 127.9390276670456), (6, 121.65216553211212), (7, 119.54835176467896), (8, 117.08010137081146), (9, 114.26058840751648), (10, 114.07461023330688)]
[2024-10-01 19:30:39,106][flwr][INFO] - app_fit: metrics_centralized {'accuracy': [(0, 0.0991), (1, 0.1465), (2, 0.2621), (3, 0.3358), (4, 0.3924), (5, 0.4211), (6, 0.4399), (7, 0.4505), (8, 0.4691), (9, 0.476), (10, 0.4883)]}
[2024-10-01 19:30:45,120][flwr][INFO] - Starting Flower simulation, config: ServerConfig(num_rounds=10, round_timeout=None)
[2024-10-01 19:30:49,696][flwr][INFO] - Flower VCE: Ray initialized with resources: {'memory': 6421988967.0, 'node:10.0.0.182': 1.0, 'object_store_memory': 3210994483.0, 'CPU': 12.0}
[2024-10-01 19:30:49,697][flwr][INFO] - Initializing global parameters
[2024-10-01 19:30:49,697][flwr][INFO] - Requesting initial parameters from one random client
[2024-10-01 19:30:50,961][flwr][INFO] - Received initial parameters from one random client
[2024-10-01 19:30:50,961][flwr][INFO] - Evaluating initial parameters
[2024-10-01 19:30:52,002][flwr][INFO] - initial parameters (loss, other metrics): 182.08349585533142, {'accuracy': 0.1008}
[2024-10-01 19:30:52,002][flwr][INFO] - FL starting
[2024-10-01 19:30:52,002][flwr][DEBUG] - fit_round 1: strategy sampled 6 clients (out of 6)
[2024-10-01 19:30:57,787][flwr][DEBUG] - fit_round 1 received 6 results and 0 failures
[2024-10-01 19:30:57,803][flwr][WARNING] - No fit_metrics_aggregation_fn provided
[2024-10-01 19:30:58,871][flwr][INFO] - fit progress: (1, 166.85818898677826, {'accuracy': 0.2225}, 6.869313693998265)
[2024-10-01 19:30:58,872][flwr][DEBUG] - evaluate_round 1: strategy sampled 6 clients (out of 6)
[2024-10-01 19:31:03,248][flwr][DEBUG] - evaluate_round 1 received 6 results and 0 failures
[2024-10-01 19:31:03,248][flwr][WARNING] - No evaluate_metrics_aggregation_fn provided
[2024-10-01 19:31:03,249][flwr][DEBUG] - fit_round 2: strategy sampled 6 clients (out of 6)
[2024-10-01 19:31:07,884][flwr][DEBUG] - fit_round 2 received 6 results and 0 failures
[2024-10-01 19:31:09,015][flwr][INFO] - fit progress: (2, 149.3669137954712, {'accuracy': 0.3182}, 17.012736415999825)
[2024-10-01 19:31:09,015][flwr][DEBUG] - evaluate_round 2: strategy sampled 6 clients (out of 6)
[2024-10-01 19:31:12,835][flwr][DEBUG] - evaluate_round 2 received 6 results and 0 failures
[2024-10-01 19:31:12,837][flwr][DEBUG] - fit_round 3: strategy sampled 6 clients (out of 6)
[2024-10-01 19:31:17,450][flwr][DEBUG] - fit_round 3 received 6 results and 0 failures
[2024-10-01 19:31:18,508][flwr][INFO] - fit progress: (3, 138.78820025920868, {'accuracy': 0.3727}, 26.50637080099841)
[2024-10-01 19:31:18,509][flwr][DEBUG] - evaluate_round 3: strategy sampled 6 clients (out of 6)
[2024-10-01 19:31:22,471][flwr][DEBUG] - evaluate_round 3 received 6 results and 0 failures
[2024-10-01 19:31:22,472][flwr][DEBUG] - fit_round 4: strategy sampled 6 clients (out of 6)
[2024-10-01 19:31:27,254][flwr][DEBUG] - fit_round 4 received 6 results and 0 failures
[2024-10-01 19:31:28,305][flwr][INFO] - fit progress: (4, 130.47205090522766, {'accuracy': 0.3984}, 36.30328793499939)
[2024-10-01 19:31:28,305][flwr][DEBUG] - evaluate_round 4: strategy sampled 6 clients (out of 6)
[2024-10-01 19:31:32,140][flwr][DEBUG] - evaluate_round 4 received 6 results and 0 failures
[2024-10-01 19:31:32,141][flwr][DEBUG] - fit_round 5: strategy sampled 6 clients (out of 6)
[2024-10-01 19:31:36,970][flwr][DEBUG] - fit_round 5 received 6 results and 0 failures
[2024-10-01 19:31:38,039][flwr][INFO] - fit progress: (5, 126.07090950012207, {'accuracy': 0.4172}, 46.036771304003196)
[2024-10-01 19:31:38,039][flwr][DEBUG] - evaluate_round 5: strategy sampled 6 clients (out of 6)
[2024-10-01 19:31:41,898][flwr][DEBUG] - evaluate_round 5 received 6 results and 0 failures
[2024-10-01 19:31:41,899][flwr][DEBUG] - fit_round 6: strategy sampled 6 clients (out of 6)
[2024-10-01 19:31:46,662][flwr][DEBUG] - fit_round 6 received 6 results and 0 failures
[2024-10-01 19:31:47,749][flwr][INFO] - fit progress: (6, 123.86980426311493, {'accuracy': 0.4264}, 55.747451424002065)
[2024-10-01 19:31:47,750][flwr][DEBUG] - evaluate_round 6: strategy sampled 6 clients (out of 6)
[2024-10-01 19:31:51,491][flwr][DEBUG] - evaluate_round 6 received 6 results and 0 failures
[2024-10-01 19:31:51,491][flwr][DEBUG] - fit_round 7: strategy sampled 6 clients (out of 6)
[2024-10-01 19:31:56,177][flwr][DEBUG] - fit_round 7 received 6 results and 0 failures
[2024-10-01 19:31:57,285][flwr][INFO] - fit progress: (7, 122.6605179309845, {'accuracy': 0.4408}, 65.28303484600474)
[2024-10-01 19:31:57,285][flwr][DEBUG] - evaluate_round 7: strategy sampled 6 clients (out of 6)
[2024-10-01 19:32:01,045][flwr][DEBUG] - evaluate_round 7 received 6 results and 0 failures
[2024-10-01 19:32:01,046][flwr][DEBUG] - fit_round 8: strategy sampled 6 clients (out of 6)
[2024-10-01 19:32:05,713][flwr][DEBUG] - fit_round 8 received 6 results and 0 failures
[2024-10-01 19:32:06,807][flwr][INFO] - fit progress: (8, 118.62650334835052, {'accuracy': 0.4592}, 74.80488483000227)
[2024-10-01 19:32:06,807][flwr][DEBUG] - evaluate_round 8: strategy sampled 6 clients (out of 6)
[2024-10-01 19:32:10,676][flwr][DEBUG] - evaluate_round 8 received 6 results and 0 failures
[2024-10-01 19:32:10,676][flwr][DEBUG] - fit_round 9: strategy sampled 6 clients (out of 6)
[2024-10-01 19:32:15,435][flwr][DEBUG] - fit_round 9 received 6 results and 0 failures
[2024-10-01 19:32:16,530][flwr][INFO] - fit progress: (9, 115.13207256793976, {'accuracy': 0.4744}, 84.52789287199994)
[2024-10-01 19:32:16,530][flwr][DEBUG] - evaluate_round 9: strategy sampled 6 clients (out of 6)
[2024-10-01 19:32:20,334][flwr][DEBUG] - evaluate_round 9 received 6 results and 0 failures
[2024-10-01 19:32:20,334][flwr][DEBUG] - fit_round 10: strategy sampled 6 clients (out of 6)
[2024-10-01 19:32:25,047][flwr][DEBUG] - fit_round 10 received 6 results and 0 failures
[2024-10-01 19:32:26,102][flwr][INFO] - fit progress: (10, 114.7564207315445, {'accuracy': 0.4777}, 94.10038813300343)
[2024-10-01 19:32:26,103][flwr][DEBUG] - evaluate_round 10: strategy sampled 6 clients (out of 6)
[2024-10-01 19:32:29,983][flwr][DEBUG] - evaluate_round 10 received 6 results and 0 failures
[2024-10-01 19:32:29,984][flwr][INFO] - FL finished in 97.9816865210014
[2024-10-01 19:32:29,984][flwr][INFO] - app_fit: losses_distributed [(1, 27.420384387175243), (2, 24.65848841269811), (3, 22.953147610028584), (4, 21.372351348400116), (5, 20.707699557145435), (6, 20.19056983788808), (7, 20.109861612319946), (8, 19.40669624010722), (9, 18.837318629026413), (10, 18.658440967400868)]
[2024-10-01 19:32:29,984][flwr][INFO] - app_fit: metrics_distributed_fit {}
[2024-10-01 19:32:29,984][flwr][INFO] - app_fit: metrics_distributed {}
[2024-10-01 19:32:29,984][flwr][INFO] - app_fit: losses_centralized [(0, 182.08349585533142), (1, 166.85818898677826), (2, 149.3669137954712), (3, 138.78820025920868), (4, 130.47205090522766), (5, 126.07090950012207), (6, 123.86980426311493), (7, 122.6605179309845), (8, 118.62650334835052), (9, 115.13207256793976), (10, 114.7564207315445)]
[2024-10-01 19:32:29,984][flwr][INFO] - app_fit: metrics_centralized {'accuracy': [(0, 0.1008), (1, 0.2225), (2, 0.3182), (3, 0.3727), (4, 0.3984), (5, 0.4172), (6, 0.4264), (7, 0.4408), (8, 0.4592), (9, 0.4744), (10, 0.4777)]}
