[2024-07-24 22:59:48,985][flwr][INFO] - Starting Flower simulation, config: ServerConfig(num_rounds=10, round_timeout=None)
[2024-07-24 22:59:53,939][flwr][INFO] - Flower VCE: Ray initialized with resources: {'memory': 7188728219.0, 'CPU': 12.0, 'object_store_memory': 3594364108.0, 'node:10.0.0.182': 1.0}
[2024-07-24 22:59:53,940][flwr][INFO] - Initializing global parameters
[2024-07-24 22:59:53,940][flwr][INFO] - Requesting initial parameters from one random client
[2024-07-24 22:59:54,720][flwr][INFO] - Received initial parameters from one random client
[2024-07-24 22:59:54,720][flwr][INFO] - Evaluating initial parameters
[2024-07-24 22:59:55,439][flwr][INFO] - initial parameters (loss, other metrics): 182.0434741973877, {'accuracy': 0.0961}
[2024-07-24 22:59:55,439][flwr][INFO] - FL starting
[2024-07-24 22:59:55,439][flwr][DEBUG] - fit_round 1: strategy sampled 10 clients (out of 100)
[2024-07-24 22:59:59,854][flwr][DEBUG] - fit_round 1 received 10 results and 0 failures
[2024-07-24 22:59:59,864][flwr][WARNING] - No fit_metrics_aggregation_fn provided
[2024-07-24 23:00:00,546][flwr][INFO] - fit progress: (1, 177.51195979118347, {'accuracy': 0.335}, 5.10662280500037)
[2024-07-24 23:00:00,546][flwr][INFO] - evaluate_round 1: no clients selected, cancel
[2024-07-24 23:00:00,546][flwr][DEBUG] - fit_round 2: strategy sampled 10 clients (out of 100)
[2024-07-24 23:00:02,880][flwr][DEBUG] - fit_round 2 received 10 results and 0 failures
[2024-07-24 23:00:03,562][flwr][INFO] - fit progress: (2, 145.55440616607666, {'accuracy': 0.4922}, 8.123001736999868)
[2024-07-24 23:00:03,562][flwr][INFO] - evaluate_round 2: no clients selected, cancel
[2024-07-24 23:00:03,563][flwr][DEBUG] - fit_round 3: strategy sampled 10 clients (out of 100)
[2024-07-24 23:00:06,055][flwr][DEBUG] - fit_round 3 received 10 results and 0 failures
[2024-07-24 23:00:06,778][flwr][INFO] - fit progress: (3, 67.16122829914093, {'accuracy': 0.7356}, 11.338362188998872)
[2024-07-24 23:00:06,780][flwr][INFO] - evaluate_round 3: no clients selected, cancel
[2024-07-24 23:00:06,780][flwr][DEBUG] - fit_round 4: strategy sampled 10 clients (out of 100)
[2024-07-24 23:00:09,143][flwr][DEBUG] - fit_round 4 received 10 results and 0 failures
[2024-07-24 23:00:09,828][flwr][INFO] - fit progress: (4, 47.9442500770092, {'accuracy': 0.8594}, 14.389089176000198)
[2024-07-24 23:00:09,828][flwr][INFO] - evaluate_round 4: no clients selected, cancel
[2024-07-24 23:00:09,829][flwr][DEBUG] - fit_round 5: strategy sampled 10 clients (out of 100)
[2024-07-24 23:00:12,224][flwr][DEBUG] - fit_round 5 received 10 results and 0 failures
[2024-07-24 23:00:12,932][flwr][INFO] - fit progress: (5, 39.894308522343636, {'accuracy': 0.8894}, 17.492806054999164)
[2024-07-24 23:00:12,932][flwr][INFO] - evaluate_round 5: no clients selected, cancel
[2024-07-24 23:00:12,932][flwr][DEBUG] - fit_round 6: strategy sampled 10 clients (out of 100)
[2024-07-24 23:00:15,464][flwr][DEBUG] - fit_round 6 received 10 results and 0 failures
[2024-07-24 23:00:16,173][flwr][INFO] - fit progress: (6, 24.230299349874258, {'accuracy': 0.9166}, 20.733457610998812)
[2024-07-24 23:00:16,173][flwr][INFO] - evaluate_round 6: no clients selected, cancel
[2024-07-24 23:00:16,173][flwr][DEBUG] - fit_round 7: strategy sampled 10 clients (out of 100)
[2024-07-24 23:00:18,798][flwr][DEBUG] - fit_round 7 received 10 results and 0 failures
[2024-07-24 23:00:19,494][flwr][INFO] - fit progress: (7, 19.015464149415493, {'accuracy': 0.9299}, 24.054735554000217)
[2024-07-24 23:00:19,494][flwr][INFO] - evaluate_round 7: no clients selected, cancel
[2024-07-24 23:00:19,494][flwr][DEBUG] - fit_round 8: strategy sampled 10 clients (out of 100)
[2024-07-24 23:00:21,826][flwr][DEBUG] - fit_round 8 received 10 results and 0 failures
[2024-07-24 23:00:22,532][flwr][INFO] - fit progress: (8, 17.49910786189139, {'accuracy': 0.9363}, 27.09299943699989)
[2024-07-24 23:00:22,532][flwr][INFO] - evaluate_round 8: no clients selected, cancel
[2024-07-24 23:00:22,533][flwr][DEBUG] - fit_round 9: strategy sampled 10 clients (out of 100)
[2024-07-24 23:00:24,859][flwr][DEBUG] - fit_round 9 received 10 results and 0 failures
[2024-07-24 23:00:25,566][flwr][INFO] - fit progress: (9, 14.597702372819185, {'accuracy': 0.9424}, 30.12719600699893)
[2024-07-24 23:00:25,567][flwr][INFO] - evaluate_round 9: no clients selected, cancel
[2024-07-24 23:00:25,567][flwr][DEBUG] - fit_round 10: strategy sampled 10 clients (out of 100)
[2024-07-24 23:00:27,968][flwr][DEBUG] - fit_round 10 received 10 results and 0 failures
[2024-07-24 23:00:28,658][flwr][INFO] - fit progress: (10, 13.38450855575502, {'accuracy': 0.9495}, 33.21889390399883)
[2024-07-24 23:00:28,658][flwr][INFO] - evaluate_round 10: no clients selected, cancel
[2024-07-24 23:00:28,658][flwr][INFO] - FL finished in 33.21909143799894
[2024-07-24 23:00:28,658][flwr][INFO] - app_fit: losses_distributed []
[2024-07-24 23:00:28,658][flwr][INFO] - app_fit: metrics_distributed_fit {}
[2024-07-24 23:00:28,659][flwr][INFO] - app_fit: metrics_distributed {}
[2024-07-24 23:00:28,659][flwr][INFO] - app_fit: losses_centralized [(0, 182.0434741973877), (1, 177.51195979118347), (2, 145.55440616607666), (3, 67.16122829914093), (4, 47.9442500770092), (5, 39.894308522343636), (6, 24.230299349874258), (7, 19.015464149415493), (8, 17.49910786189139), (9, 14.597702372819185), (10, 13.38450855575502)]
[2024-07-24 23:00:28,659][flwr][INFO] - app_fit: metrics_centralized {'accuracy': [(0, 0.0961), (1, 0.335), (2, 0.4922), (3, 0.7356), (4, 0.8594), (5, 0.8894), (6, 0.9166), (7, 0.9299), (8, 0.9363), (9, 0.9424), (10, 0.9495)]}
