[2024-07-21 08:40:29,290][flwr][INFO] - Starting Flower simulation, config: ServerConfig(num_rounds=10, round_timeout=None)
[2024-07-21 08:40:34,651][flwr][INFO] - Flower VCE: Ray initialized with resources: {'memory': 7886234420.0, 'node:10.0.0.182': 1.0, 'CPU': 12.0, 'object_store_memory': 3943117209.0}
[2024-07-21 08:40:34,654][flwr][INFO] - Initializing global parameters
[2024-07-21 08:40:34,654][flwr][INFO] - Requesting initial parameters from one random client
[2024-07-21 08:40:36,137][flwr][INFO] - Received initial parameters from one random client
[2024-07-21 08:40:36,137][flwr][INFO] - Evaluating initial parameters
[2024-07-21 08:40:37,589][flwr][INFO] - initial parameters (loss, other metrics): 182.0979826450348, {'accuracy': 0.0892}
[2024-07-21 08:40:37,589][flwr][INFO] - FL starting
[2024-07-21 08:40:37,589][flwr][DEBUG] - fit_round 1: strategy sampled 10 clients (out of 100)
[2024-07-21 08:40:45,530][flwr][DEBUG] - fit_round 1 received 10 results and 0 failures
[2024-07-21 08:40:45,560][flwr][WARNING] - No fit_metrics_aggregation_fn provided
[2024-07-21 08:40:46,944][flwr][INFO] - fit progress: (1, 177.07040858268738, {'accuracy': 0.3111}, 9.354540626998642)
[2024-07-21 08:40:46,944][flwr][INFO] - evaluate_round 1: no clients selected, cancel
[2024-07-21 08:40:46,944][flwr][DEBUG] - fit_round 2: strategy sampled 10 clients (out of 100)
[2024-07-21 08:40:50,905][flwr][DEBUG] - fit_round 2 received 10 results and 0 failures
[2024-07-21 08:40:52,339][flwr][INFO] - fit progress: (2, 134.45726358890533, {'accuracy': 0.4695}, 14.749705857999288)
[2024-07-21 08:40:52,339][flwr][INFO] - evaluate_round 2: no clients selected, cancel
[2024-07-21 08:40:52,339][flwr][DEBUG] - fit_round 3: strategy sampled 10 clients (out of 100)
[2024-07-21 08:40:56,077][flwr][DEBUG] - fit_round 3 received 10 results and 0 failures
[2024-07-21 08:40:57,495][flwr][INFO] - fit progress: (3, 61.3375363945961, {'accuracy': 0.7757}, 19.906208434998916)
[2024-07-21 08:40:57,496][flwr][INFO] - evaluate_round 3: no clients selected, cancel
[2024-07-21 08:40:57,496][flwr][DEBUG] - fit_round 4: strategy sampled 10 clients (out of 100)
[2024-07-21 08:41:01,301][flwr][DEBUG] - fit_round 4 received 10 results and 0 failures
[2024-07-21 08:41:02,762][flwr][INFO] - fit progress: (4, 44.1009307205677, {'accuracy': 0.8462}, 25.17253165299917)
[2024-07-21 08:41:02,764][flwr][INFO] - evaluate_round 4: no clients selected, cancel
[2024-07-21 08:41:02,764][flwr][DEBUG] - fit_round 5: strategy sampled 10 clients (out of 100)
[2024-07-21 08:41:06,535][flwr][DEBUG] - fit_round 5 received 10 results and 0 failures
[2024-07-21 08:41:07,950][flwr][INFO] - fit progress: (5, 36.351700738072395, {'accuracy': 0.8579}, 30.360762631999023)
[2024-07-21 08:41:07,950][flwr][INFO] - evaluate_round 5: no clients selected, cancel
[2024-07-21 08:41:07,950][flwr][DEBUG] - fit_round 6: strategy sampled 10 clients (out of 100)
[2024-07-21 08:41:11,641][flwr][DEBUG] - fit_round 6 received 10 results and 0 failures
[2024-07-21 08:41:13,034][flwr][INFO] - fit progress: (6, 25.217088505625725, {'accuracy': 0.9037}, 35.4447958389992)
[2024-07-21 08:41:13,034][flwr][INFO] - evaluate_round 6: no clients selected, cancel
[2024-07-21 08:41:13,034][flwr][DEBUG] - fit_round 7: strategy sampled 10 clients (out of 100)
[2024-07-21 08:41:16,787][flwr][DEBUG] - fit_round 7 received 10 results and 0 failures
[2024-07-21 08:41:18,177][flwr][INFO] - fit progress: (7, 19.627403397113085, {'accuracy': 0.9283}, 40.58835142099997)
[2024-07-21 08:41:18,178][flwr][INFO] - evaluate_round 7: no clients selected, cancel
[2024-07-21 08:41:18,178][flwr][DEBUG] - fit_round 8: strategy sampled 10 clients (out of 100)
[2024-07-21 08:41:22,039][flwr][DEBUG] - fit_round 8 received 10 results and 0 failures
[2024-07-21 08:41:23,472][flwr][INFO] - fit progress: (8, 15.899524264037609, {'accuracy': 0.9396}, 45.88314430099854)
[2024-07-21 08:41:23,472][flwr][INFO] - evaluate_round 8: no clients selected, cancel
[2024-07-21 08:41:23,473][flwr][DEBUG] - fit_round 9: strategy sampled 10 clients (out of 100)
[2024-07-21 08:41:27,331][flwr][DEBUG] - fit_round 9 received 10 results and 0 failures
[2024-07-21 08:41:28,739][flwr][INFO] - fit progress: (9, 14.151810016483068, {'accuracy': 0.9437}, 51.14954258099897)
[2024-07-21 08:41:28,741][flwr][INFO] - evaluate_round 9: no clients selected, cancel
[2024-07-21 08:41:28,741][flwr][DEBUG] - fit_round 10: strategy sampled 10 clients (out of 100)
[2024-07-21 08:41:32,656][flwr][DEBUG] - fit_round 10 received 10 results and 0 failures
[2024-07-21 08:41:34,084][flwr][INFO] - fit progress: (10, 12.711690654978156, {'accuracy': 0.9502}, 56.49480370799938)
[2024-07-21 08:41:34,086][flwr][INFO] - evaluate_round 10: no clients selected, cancel
[2024-07-21 08:41:34,086][flwr][INFO] - FL finished in 56.4969866449992
[2024-07-21 08:41:34,086][flwr][INFO] - app_fit: losses_distributed []
[2024-07-21 08:41:34,086][flwr][INFO] - app_fit: metrics_distributed_fit {}
[2024-07-21 08:41:34,086][flwr][INFO] - app_fit: metrics_distributed {}
[2024-07-21 08:41:34,086][flwr][INFO] - app_fit: losses_centralized [(0, 182.0979826450348), (1, 177.07040858268738), (2, 134.45726358890533), (3, 61.3375363945961), (4, 44.1009307205677), (5, 36.351700738072395), (6, 25.217088505625725), (7, 19.627403397113085), (8, 15.899524264037609), (9, 14.151810016483068), (10, 12.711690654978156)]
[2024-07-21 08:41:34,087][flwr][INFO] - app_fit: metrics_centralized {'accuracy': [(0, 0.0892), (1, 0.3111), (2, 0.4695), (3, 0.7757), (4, 0.8462), (5, 0.8579), (6, 0.9037), (7, 0.9283), (8, 0.9396), (9, 0.9437), (10, 0.9502)]}
