[2024-07-25 19:29:10,354][flwr][INFO] - Starting Flower simulation, config: ServerConfig(num_rounds=10, round_timeout=None)
[2024-07-25 19:29:17,363][flwr][INFO] - Flower VCE: Ray initialized with resources: {'object_store_memory': 4365046579.0, 'memory': 8730093159.0, 'CPU': 12.0, 'node:10.0.0.182': 1.0}
[2024-07-25 19:29:17,364][flwr][INFO] - Initializing global parameters
[2024-07-25 19:29:17,364][flwr][INFO] - Requesting initial parameters from one random client
[2024-07-25 19:29:18,870][flwr][INFO] - Received initial parameters from one random client
[2024-07-25 19:29:18,870][flwr][INFO] - Evaluating initial parameters
[2024-07-25 19:29:20,544][flwr][INFO] - initial parameters (loss, other metrics): 182.01821374893188, {'accuracy': 0.0979}
[2024-07-25 19:29:20,544][flwr][INFO] - FL starting
[2024-07-25 19:29:20,544][flwr][DEBUG] - fit_round 1: strategy sampled 10 clients (out of 100)
[2024-07-25 19:29:28,651][flwr][DEBUG] - fit_round 1 received 10 results and 0 failures
[2024-07-25 19:29:28,670][flwr][WARNING] - No fit_metrics_aggregation_fn provided
[2024-07-25 19:29:30,040][flwr][INFO] - fit progress: (1, 179.2737536430359, {'accuracy': 0.3403}, 9.495576952000192)
[2024-07-25 19:29:30,040][flwr][INFO] - evaluate_round 1: no clients selected, cancel
[2024-07-25 19:29:30,040][flwr][DEBUG] - fit_round 2: strategy sampled 10 clients (out of 100)
[2024-07-25 19:29:33,658][flwr][DEBUG] - fit_round 2 received 10 results and 0 failures
[2024-07-25 19:29:35,009][flwr][INFO] - fit progress: (2, 167.06305289268494, {'accuracy': 0.5199}, 14.46443182800067)
[2024-07-25 19:29:35,009][flwr][INFO] - evaluate_round 2: no clients selected, cancel
[2024-07-25 19:29:35,009][flwr][DEBUG] - fit_round 3: strategy sampled 10 clients (out of 100)
[2024-07-25 19:29:38,626][flwr][DEBUG] - fit_round 3 received 10 results and 0 failures
[2024-07-25 19:29:39,970][flwr][INFO] - fit progress: (3, 76.07629239559174, {'accuracy': 0.7369}, 19.42553795599997)
[2024-07-25 19:29:39,970][flwr][INFO] - evaluate_round 3: no clients selected, cancel
[2024-07-25 19:29:39,970][flwr][DEBUG] - fit_round 4: strategy sampled 10 clients (out of 100)
[2024-07-25 19:29:43,701][flwr][DEBUG] - fit_round 4 received 10 results and 0 failures
[2024-07-25 19:29:45,101][flwr][INFO] - fit progress: (4, 47.75012382864952, {'accuracy': 0.8079}, 24.55669894500079)
[2024-07-25 19:29:45,101][flwr][INFO] - evaluate_round 4: no clients selected, cancel
[2024-07-25 19:29:45,101][flwr][DEBUG] - fit_round 5: strategy sampled 10 clients (out of 100)
[2024-07-25 19:29:48,736][flwr][DEBUG] - fit_round 5 received 10 results and 0 failures
[2024-07-25 19:29:50,039][flwr][INFO] - fit progress: (5, 38.82981403172016, {'accuracy': 0.8602}, 29.494870993000404)
[2024-07-25 19:29:50,039][flwr][INFO] - evaluate_round 5: no clients selected, cancel
[2024-07-25 19:29:50,039][flwr][DEBUG] - fit_round 6: strategy sampled 10 clients (out of 100)
[2024-07-25 19:29:53,812][flwr][DEBUG] - fit_round 6 received 10 results and 0 failures
[2024-07-25 19:29:55,231][flwr][INFO] - fit progress: (6, 32.92564204335213, {'accuracy': 0.8878}, 34.686769587000526)
[2024-07-25 19:29:55,231][flwr][INFO] - evaluate_round 6: no clients selected, cancel
[2024-07-25 19:29:55,231][flwr][DEBUG] - fit_round 7: strategy sampled 10 clients (out of 100)
[2024-07-25 19:29:58,853][flwr][DEBUG] - fit_round 7 received 10 results and 0 failures
[2024-07-25 19:30:00,276][flwr][INFO] - fit progress: (7, 20.134392470121384, {'accuracy': 0.9272}, 39.73191728300026)
[2024-07-25 19:30:00,276][flwr][INFO] - evaluate_round 7: no clients selected, cancel
[2024-07-25 19:30:00,277][flwr][DEBUG] - fit_round 8: strategy sampled 10 clients (out of 100)
[2024-07-25 19:30:03,985][flwr][DEBUG] - fit_round 8 received 10 results and 0 failures
[2024-07-25 19:30:05,375][flwr][INFO] - fit progress: (8, 17.937042774632573, {'accuracy': 0.9347}, 44.83053040699997)
[2024-07-25 19:30:05,375][flwr][INFO] - evaluate_round 8: no clients selected, cancel
[2024-07-25 19:30:05,375][flwr][DEBUG] - fit_round 9: strategy sampled 10 clients (out of 100)
[2024-07-25 19:30:09,238][flwr][DEBUG] - fit_round 9 received 10 results and 0 failures
[2024-07-25 19:30:10,609][flwr][INFO] - fit progress: (9, 18.111364936456084, {'accuracy': 0.9255}, 50.06444636500055)
[2024-07-25 19:30:10,609][flwr][INFO] - evaluate_round 9: no clients selected, cancel
[2024-07-25 19:30:10,609][flwr][DEBUG] - fit_round 10: strategy sampled 10 clients (out of 100)
[2024-07-25 19:30:14,582][flwr][DEBUG] - fit_round 10 received 10 results and 0 failures
[2024-07-25 19:30:15,993][flwr][INFO] - fit progress: (10, 14.42082154378295, {'accuracy': 0.9442}, 55.448631174000184)
[2024-07-25 19:30:15,993][flwr][INFO] - evaluate_round 10: no clients selected, cancel
[2024-07-25 19:30:15,993][flwr][INFO] - FL finished in 55.448957352000434
[2024-07-25 19:30:15,993][flwr][INFO] - app_fit: losses_distributed []
[2024-07-25 19:30:15,993][flwr][INFO] - app_fit: metrics_distributed_fit {}
[2024-07-25 19:30:15,993][flwr][INFO] - app_fit: metrics_distributed {}
[2024-07-25 19:30:15,993][flwr][INFO] - app_fit: losses_centralized [(0, 182.01821374893188), (1, 179.2737536430359), (2, 167.06305289268494), (3, 76.07629239559174), (4, 47.75012382864952), (5, 38.82981403172016), (6, 32.92564204335213), (7, 20.134392470121384), (8, 17.937042774632573), (9, 18.111364936456084), (10, 14.42082154378295)]
[2024-07-25 19:30:15,994][flwr][INFO] - app_fit: metrics_centralized {'accuracy': [(0, 0.0979), (1, 0.3403), (2, 0.5199), (3, 0.7369), (4, 0.8079), (5, 0.8602), (6, 0.8878), (7, 0.9272), (8, 0.9347), (9, 0.9255), (10, 0.9442)]}
