[2024-09-27 12:25:07,554][flwr][INFO] - Starting Flower simulation, config: ServerConfig(num_rounds=2, round_timeout=None)
[2024-09-27 12:25:10,252][flwr][INFO] - Flower VCE: Ray initialized with resources: {'CPU': 12.0, 'node:10.0.0.182': 1.0, 'object_store_memory': 4214364979.0, 'memory': 8428729959.0}
[2024-09-27 12:25:10,254][flwr][INFO] - Initializing global parameters
[2024-09-27 12:25:10,254][flwr][INFO] - Requesting initial parameters from one random client
[2024-09-27 12:25:11,073][flwr][INFO] - Received initial parameters from one random client
[2024-09-27 12:25:11,073][flwr][INFO] - Evaluating initial parameters
[2024-09-27 12:25:11,073][flwr][INFO] - FL starting
[2024-09-27 12:25:11,073][flwr][DEBUG] - fit_round 1: strategy sampled 30 clients (out of 30)
[2024-09-27 12:25:18,906][flwr][DEBUG] - fit_round 1 received 30 results and 0 failures
[2024-09-27 12:25:18,957][flwr][WARNING] - No fit_metrics_aggregation_fn provided
[2024-09-27 12:25:18,957][flwr][INFO] - evaluate_round 1: no clients selected, cancel
[2024-09-27 12:25:18,957][flwr][DEBUG] - fit_round 2: strategy sampled 30 clients (out of 30)
[2024-09-27 12:25:25,266][flwr][DEBUG] - fit_round 2 received 30 results and 0 failures
[2024-09-27 12:25:25,307][flwr][INFO] - evaluate_round 2: no clients selected, cancel
[2024-09-27 12:25:25,307][flwr][INFO] - FL finished in 14.234230617999856
[2024-09-27 12:25:25,307][flwr][INFO] - app_fit: losses_distributed []
[2024-09-27 12:25:25,307][flwr][INFO] - app_fit: metrics_distributed_fit {}
[2024-09-27 12:25:25,307][flwr][INFO] - app_fit: metrics_distributed {}
[2024-09-27 12:25:25,307][flwr][INFO] - app_fit: losses_centralized []
[2024-09-27 12:25:25,307][flwr][INFO] - app_fit: metrics_centralized {}
[2024-09-27 12:27:01,974][flwr][INFO] - Starting Flower simulation, config: ServerConfig(num_rounds=10, round_timeout=None)
[2024-09-27 12:27:06,381][flwr][INFO] - Flower VCE: Ray initialized with resources: {'memory': 8332981863.0, 'object_store_memory': 4166490931.0, 'CPU': 12.0, 'node:10.0.0.182': 1.0}
[2024-09-27 12:27:06,382][flwr][INFO] - Initializing global parameters
[2024-09-27 12:27:06,383][flwr][INFO] - Requesting initial parameters from one random client
[2024-09-27 12:27:07,097][flwr][INFO] - Received initial parameters from one random client
[2024-09-27 12:27:07,097][flwr][INFO] - Evaluating initial parameters
[2024-09-27 12:27:07,792][flwr][INFO] - initial parameters (loss, other metrics): 182.0082447528839, {'accuracy': 0.1117}
[2024-09-27 12:27:07,792][flwr][INFO] - FL starting
[2024-09-27 12:27:07,792][flwr][DEBUG] - fit_round 1: strategy sampled 6 clients (out of 6)
[2024-09-27 12:27:10,098][flwr][DEBUG] - fit_round 1 received 6 results and 0 failures
[2024-09-27 12:27:10,113][flwr][WARNING] - No fit_metrics_aggregation_fn provided
[2024-09-27 12:27:10,802][flwr][INFO] - fit progress: (1, 50.1530365049839, {'accuracy': 0.8042}, 3.0102968740002325)
[2024-09-27 12:27:10,802][flwr][DEBUG] - evaluate_round 1: strategy sampled 6 clients (out of 6)
[2024-09-27 12:27:11,482][flwr][DEBUG] - evaluate_round 1 received 6 results and 0 failures
[2024-09-27 12:27:11,482][flwr][WARNING] - No evaluate_metrics_aggregation_fn provided
[2024-09-27 12:27:11,482][flwr][DEBUG] - fit_round 2: strategy sampled 6 clients (out of 6)
[2024-09-27 12:27:12,896][flwr][DEBUG] - fit_round 2 received 6 results and 0 failures
[2024-09-27 12:27:13,570][flwr][INFO] - fit progress: (2, 21.10433779656887, {'accuracy': 0.9169}, 5.778284476999943)
[2024-09-27 12:27:13,570][flwr][DEBUG] - evaluate_round 2: strategy sampled 6 clients (out of 6)
[2024-09-27 12:27:14,197][flwr][DEBUG] - evaluate_round 2 received 6 results and 0 failures
[2024-09-27 12:27:14,198][flwr][DEBUG] - fit_round 3: strategy sampled 6 clients (out of 6)
[2024-09-27 12:27:15,478][flwr][DEBUG] - fit_round 3 received 6 results and 0 failures
[2024-09-27 12:27:16,175][flwr][INFO] - fit progress: (3, 13.070325921289623, {'accuracy': 0.9497}, 8.38334990500016)
[2024-09-27 12:27:16,175][flwr][DEBUG] - evaluate_round 3: strategy sampled 6 clients (out of 6)
[2024-09-27 12:27:16,850][flwr][DEBUG] - evaluate_round 3 received 6 results and 0 failures
[2024-09-27 12:27:16,850][flwr][DEBUG] - fit_round 4: strategy sampled 6 clients (out of 6)
[2024-09-27 12:27:18,108][flwr][DEBUG] - fit_round 4 received 6 results and 0 failures
[2024-09-27 12:27:18,832][flwr][INFO] - fit progress: (4, 10.080535428365692, {'accuracy': 0.9597}, 11.040417463000267)
[2024-09-27 12:27:18,832][flwr][DEBUG] - evaluate_round 4: strategy sampled 6 clients (out of 6)
[2024-09-27 12:27:19,493][flwr][DEBUG] - evaluate_round 4 received 6 results and 0 failures
[2024-09-27 12:27:19,493][flwr][DEBUG] - fit_round 5: strategy sampled 6 clients (out of 6)
[2024-09-27 12:27:20,773][flwr][DEBUG] - fit_round 5 received 6 results and 0 failures
[2024-09-27 12:27:21,481][flwr][INFO] - fit progress: (5, 9.022283368860371, {'accuracy': 0.9642}, 13.689623899000253)
[2024-09-27 12:27:21,482][flwr][DEBUG] - evaluate_round 5: strategy sampled 6 clients (out of 6)
[2024-09-27 12:27:22,144][flwr][DEBUG] - evaluate_round 5 received 6 results and 0 failures
[2024-09-27 12:27:22,145][flwr][DEBUG] - fit_round 6: strategy sampled 6 clients (out of 6)
[2024-09-27 12:27:23,428][flwr][DEBUG] - fit_round 6 received 6 results and 0 failures
[2024-09-27 12:27:24,161][flwr][INFO] - fit progress: (6, 8.074287247727625, {'accuracy': 0.9666}, 16.36955699300006)
[2024-09-27 12:27:24,162][flwr][DEBUG] - evaluate_round 6: strategy sampled 6 clients (out of 6)
[2024-09-27 12:27:24,806][flwr][DEBUG] - evaluate_round 6 received 6 results and 0 failures
[2024-09-27 12:27:24,806][flwr][DEBUG] - fit_round 7: strategy sampled 6 clients (out of 6)
[2024-09-27 12:27:26,014][flwr][DEBUG] - fit_round 7 received 6 results and 0 failures
[2024-09-27 12:27:26,767][flwr][INFO] - fit progress: (7, 7.345610957825556, {'accuracy': 0.9695}, 18.975271224000153)
[2024-09-27 12:27:26,767][flwr][DEBUG] - evaluate_round 7: strategy sampled 6 clients (out of 6)
[2024-09-27 12:27:27,412][flwr][DEBUG] - evaluate_round 7 received 6 results and 0 failures
[2024-09-27 12:27:27,413][flwr][DEBUG] - fit_round 8: strategy sampled 6 clients (out of 6)
[2024-09-27 12:27:28,660][flwr][DEBUG] - fit_round 8 received 6 results and 0 failures
[2024-09-27 12:27:29,416][flwr][INFO] - fit progress: (8, 6.83562543685548, {'accuracy': 0.9735}, 21.62405895000029)
[2024-09-27 12:27:29,416][flwr][DEBUG] - evaluate_round 8: strategy sampled 6 clients (out of 6)
[2024-09-27 12:27:30,049][flwr][DEBUG] - evaluate_round 8 received 6 results and 0 failures
[2024-09-27 12:27:30,049][flwr][DEBUG] - fit_round 9: strategy sampled 6 clients (out of 6)
[2024-09-27 12:27:31,367][flwr][DEBUG] - fit_round 9 received 6 results and 0 failures
[2024-09-27 12:27:32,095][flwr][INFO] - fit progress: (9, 6.245911129866727, {'accuracy': 0.9747}, 24.302889090999997)
[2024-09-27 12:27:32,095][flwr][DEBUG] - evaluate_round 9: strategy sampled 6 clients (out of 6)
[2024-09-27 12:27:32,673][flwr][DEBUG] - evaluate_round 9 received 6 results and 0 failures
[2024-09-27 12:27:32,673][flwr][DEBUG] - fit_round 10: strategy sampled 6 clients (out of 6)
[2024-09-27 12:27:33,881][flwr][DEBUG] - fit_round 10 received 6 results and 0 failures
[2024-09-27 12:27:34,615][flwr][INFO] - fit progress: (10, 5.913548892654944, {'accuracy': 0.9767}, 26.822793898000327)
[2024-09-27 12:27:34,615][flwr][DEBUG] - evaluate_round 10: strategy sampled 6 clients (out of 6)
[2024-09-27 12:27:35,239][flwr][DEBUG] - evaluate_round 10 received 6 results and 0 failures
[2024-09-27 12:27:35,239][flwr][INFO] - FL finished in 27.447591645000102
[2024-09-27 12:27:35,240][flwr][INFO] - app_fit: losses_distributed [(1, 6.773305634657542), (2, 3.060288975636164), (3, 1.9497230121244986), (4, 1.4914822600161035), (5, 1.4405014698859304), (6, 1.1601500210817903), (7, 1.0867481293001522), (8, 1.0045370610120397), (9, 0.8986637354440367), (10, 0.8452396336942911)]
[2024-09-27 12:27:35,240][flwr][INFO] - app_fit: metrics_distributed_fit {}
[2024-09-27 12:27:35,240][flwr][INFO] - app_fit: metrics_distributed {}
[2024-09-27 12:27:35,240][flwr][INFO] - app_fit: losses_centralized [(0, 182.0082447528839), (1, 50.1530365049839), (2, 21.10433779656887), (3, 13.070325921289623), (4, 10.080535428365692), (5, 9.022283368860371), (6, 8.074287247727625), (7, 7.345610957825556), (8, 6.83562543685548), (9, 6.245911129866727), (10, 5.913548892654944)]
[2024-09-27 12:27:35,240][flwr][INFO] - app_fit: metrics_centralized {'accuracy': [(0, 0.1117), (1, 0.8042), (2, 0.9169), (3, 0.9497), (4, 0.9597), (5, 0.9642), (6, 0.9666), (7, 0.9695), (8, 0.9735), (9, 0.9747), (10, 0.9767)]}
[2024-09-27 12:27:36,244][flwr][INFO] - Starting Flower simulation, config: ServerConfig(num_rounds=10, round_timeout=None)
[2024-09-27 12:27:40,423][flwr][INFO] - Flower VCE: Ray initialized with resources: {'CPU': 12.0, 'node:10.0.0.182': 1.0, 'object_store_memory': 4169070182.0, 'memory': 8338140366.0}
[2024-09-27 12:27:40,426][flwr][INFO] - Initializing global parameters
[2024-09-27 12:27:40,426][flwr][INFO] - Requesting initial parameters from one random client
[2024-09-27 12:27:41,206][flwr][INFO] - Received initial parameters from one random client
[2024-09-27 12:27:41,207][flwr][INFO] - Evaluating initial parameters
[2024-09-27 12:27:41,899][flwr][INFO] - initial parameters (loss, other metrics): 182.00068712234497, {'accuracy': 0.085}
[2024-09-27 12:27:41,899][flwr][INFO] - FL starting
[2024-09-27 12:27:41,900][flwr][DEBUG] - fit_round 1: strategy sampled 1 clients (out of 1)
[2024-09-27 12:27:42,361][flwr][DEBUG] - fit_round 1 received 1 results and 0 failures
[2024-09-27 12:27:42,362][flwr][WARNING] - No fit_metrics_aggregation_fn provided
[2024-09-27 12:27:43,043][flwr][INFO] - fit progress: (1, 55.72283974289894, {'accuracy': 0.78}, 1.1437006380001549)
[2024-09-27 12:27:43,043][flwr][DEBUG] - evaluate_round 1: strategy sampled 1 clients (out of 1)
[2024-09-27 12:27:43,251][flwr][DEBUG] - evaluate_round 1 received 1 results and 0 failures
[2024-09-27 12:27:43,251][flwr][WARNING] - No evaluate_metrics_aggregation_fn provided
[2024-09-27 12:27:43,251][flwr][DEBUG] - fit_round 2: strategy sampled 1 clients (out of 1)
[2024-09-27 12:27:43,662][flwr][DEBUG] - fit_round 2 received 1 results and 0 failures
[2024-09-27 12:27:44,385][flwr][INFO] - fit progress: (2, 28.676288783550262, {'accuracy': 0.8909}, 2.4855780290004077)
[2024-09-27 12:27:44,385][flwr][DEBUG] - evaluate_round 2: strategy sampled 1 clients (out of 1)
[2024-09-27 12:27:44,507][flwr][DEBUG] - evaluate_round 2 received 1 results and 0 failures
[2024-09-27 12:27:44,507][flwr][DEBUG] - fit_round 3: strategy sampled 1 clients (out of 1)
[2024-09-27 12:27:44,865][flwr][DEBUG] - fit_round 3 received 1 results and 0 failures
[2024-09-27 12:27:45,573][flwr][INFO] - fit progress: (3, 20.30696912575513, {'accuracy': 0.9175}, 3.673334072000216)
[2024-09-27 12:27:45,573][flwr][DEBUG] - evaluate_round 3: strategy sampled 1 clients (out of 1)
[2024-09-27 12:27:45,723][flwr][DEBUG] - evaluate_round 3 received 1 results and 0 failures
[2024-09-27 12:27:45,724][flwr][DEBUG] - fit_round 4: strategy sampled 1 clients (out of 1)
[2024-09-27 12:27:46,085][flwr][DEBUG] - fit_round 4 received 1 results and 0 failures
[2024-09-27 12:27:46,788][flwr][INFO] - fit progress: (4, 21.481518303975463, {'accuracy': 0.9158}, 4.888641140000345)
[2024-09-27 12:27:46,788][flwr][DEBUG] - evaluate_round 4: strategy sampled 1 clients (out of 1)
[2024-09-27 12:27:46,952][flwr][DEBUG] - evaluate_round 4 received 1 results and 0 failures
[2024-09-27 12:27:46,953][flwr][DEBUG] - fit_round 5: strategy sampled 1 clients (out of 1)
[2024-09-27 12:27:47,327][flwr][DEBUG] - fit_round 5 received 1 results and 0 failures
[2024-09-27 12:27:48,022][flwr][INFO] - fit progress: (5, 24.067959217354655, {'accuracy': 0.9}, 6.122923832000197)
[2024-09-27 12:27:48,023][flwr][DEBUG] - evaluate_round 5: strategy sampled 1 clients (out of 1)
[2024-09-27 12:27:48,159][flwr][DEBUG] - evaluate_round 5 received 1 results and 0 failures
[2024-09-27 12:27:48,159][flwr][DEBUG] - fit_round 6: strategy sampled 1 clients (out of 1)
[2024-09-27 12:27:48,552][flwr][DEBUG] - fit_round 6 received 1 results and 0 failures
[2024-09-27 12:27:49,246][flwr][INFO] - fit progress: (6, 15.666528568137437, {'accuracy': 0.9403}, 7.346536197000205)
[2024-09-27 12:27:49,246][flwr][DEBUG] - evaluate_round 6: strategy sampled 1 clients (out of 1)
[2024-09-27 12:27:49,383][flwr][DEBUG] - evaluate_round 6 received 1 results and 0 failures
[2024-09-27 12:27:49,384][flwr][DEBUG] - fit_round 7: strategy sampled 1 clients (out of 1)
[2024-09-27 12:27:49,757][flwr][DEBUG] - fit_round 7 received 1 results and 0 failures
[2024-09-27 12:27:50,478][flwr][INFO] - fit progress: (7, 16.605808468768373, {'accuracy': 0.9397}, 8.578330078000363)
[2024-09-27 12:27:50,478][flwr][DEBUG] - evaluate_round 7: strategy sampled 1 clients (out of 1)
[2024-09-27 12:27:50,667][flwr][DEBUG] - evaluate_round 7 received 1 results and 0 failures
[2024-09-27 12:27:50,667][flwr][DEBUG] - fit_round 8: strategy sampled 1 clients (out of 1)
[2024-09-27 12:27:51,051][flwr][DEBUG] - fit_round 8 received 1 results and 0 failures
[2024-09-27 12:27:51,758][flwr][INFO] - fit progress: (8, 20.359105983749032, {'accuracy': 0.932}, 9.85816287500029)
[2024-09-27 12:27:51,758][flwr][DEBUG] - evaluate_round 8: strategy sampled 1 clients (out of 1)
[2024-09-27 12:27:51,887][flwr][DEBUG] - evaluate_round 8 received 1 results and 0 failures
[2024-09-27 12:27:51,888][flwr][DEBUG] - fit_round 9: strategy sampled 1 clients (out of 1)
[2024-09-27 12:27:52,306][flwr][DEBUG] - fit_round 9 received 1 results and 0 failures
[2024-09-27 12:27:52,993][flwr][INFO] - fit progress: (9, 16.43811198603362, {'accuracy': 0.9428}, 11.09353240900009)
[2024-09-27 12:27:52,993][flwr][DEBUG] - evaluate_round 9: strategy sampled 1 clients (out of 1)
[2024-09-27 12:27:53,126][flwr][DEBUG] - evaluate_round 9 received 1 results and 0 failures
[2024-09-27 12:27:53,126][flwr][DEBUG] - fit_round 10: strategy sampled 1 clients (out of 1)
[2024-09-27 12:27:53,513][flwr][DEBUG] - fit_round 10 received 1 results and 0 failures
[2024-09-27 12:27:54,218][flwr][INFO] - fit progress: (10, 17.762219274649397, {'accuracy': 0.9379}, 12.318125254000279)
[2024-09-27 12:27:54,218][flwr][DEBUG] - evaluate_round 10: strategy sampled 1 clients (out of 1)
[2024-09-27 12:27:54,383][flwr][DEBUG] - evaluate_round 10 received 1 results and 0 failures
[2024-09-27 12:27:54,383][flwr][INFO] - FL finished in 12.48337394400005
[2024-09-27 12:27:54,383][flwr][INFO] - app_fit: losses_distributed [(1, 7.367998898029327), (2, 3.093447983264923), (3, 1.4946246147155762), (4, 1.7007762044668198), (5, 2.480694379657507), (6, 1.4337054574862123), (7, 1.4785217456519604), (8, 1.8288179636001587), (9, 2.4050263222306967), (10, 1.390481379115954)]
[2024-09-27 12:27:54,383][flwr][INFO] - app_fit: metrics_distributed_fit {}
[2024-09-27 12:27:54,383][flwr][INFO] - app_fit: metrics_distributed {}
[2024-09-27 12:27:54,383][flwr][INFO] - app_fit: losses_centralized [(0, 182.00068712234497), (1, 55.72283974289894), (2, 28.676288783550262), (3, 20.30696912575513), (4, 21.481518303975463), (5, 24.067959217354655), (6, 15.666528568137437), (7, 16.605808468768373), (8, 20.359105983749032), (9, 16.43811198603362), (10, 17.762219274649397)]
[2024-09-27 12:27:54,383][flwr][INFO] - app_fit: metrics_centralized {'accuracy': [(0, 0.085), (1, 0.78), (2, 0.8909), (3, 0.9175), (4, 0.9158), (5, 0.9), (6, 0.9403), (7, 0.9397), (8, 0.932), (9, 0.9428), (10, 0.9379)]}
[2024-09-27 12:27:58,399][flwr][INFO] - Starting Flower simulation, config: ServerConfig(num_rounds=10, round_timeout=None)
[2024-09-27 12:28:02,923][flwr][INFO] - Flower VCE: Ray initialized with resources: {'CPU': 12.0, 'object_store_memory': 4164972134.0, 'node:10.0.0.182': 1.0, 'memory': 8329944270.0}
[2024-09-27 12:28:02,925][flwr][INFO] - Initializing global parameters
[2024-09-27 12:28:02,925][flwr][INFO] - Requesting initial parameters from one random client
[2024-09-27 12:28:03,749][flwr][INFO] - Received initial parameters from one random client
[2024-09-27 12:28:03,749][flwr][INFO] - Evaluating initial parameters
[2024-09-27 12:28:04,468][flwr][INFO] - initial parameters (loss, other metrics): 182.16313457489014, {'accuracy': 0.087}
[2024-09-27 12:28:04,468][flwr][INFO] - FL starting
[2024-09-27 12:28:04,468][flwr][DEBUG] - fit_round 1: strategy sampled 4 clients (out of 4)
[2024-09-27 12:28:06,133][flwr][DEBUG] - fit_round 1 received 4 results and 0 failures
[2024-09-27 12:28:06,139][flwr][WARNING] - No fit_metrics_aggregation_fn provided
[2024-09-27 12:28:06,837][flwr][INFO] - fit progress: (1, 63.29936534166336, {'accuracy': 0.7395}, 2.3686485580001317)
[2024-09-27 12:28:06,837][flwr][DEBUG] - evaluate_round 1: strategy sampled 4 clients (out of 4)
[2024-09-27 12:28:07,259][flwr][DEBUG] - evaluate_round 1 received 4 results and 0 failures
[2024-09-27 12:28:07,259][flwr][WARNING] - No evaluate_metrics_aggregation_fn provided
[2024-09-27 12:28:07,259][flwr][DEBUG] - fit_round 2: strategy sampled 4 clients (out of 4)
[2024-09-27 12:28:08,228][flwr][DEBUG] - fit_round 2 received 4 results and 0 failures
[2024-09-27 12:28:08,933][flwr][INFO] - fit progress: (2, 20.350647993385792, {'accuracy': 0.9238}, 4.464391232000253)
[2024-09-27 12:28:08,933][flwr][DEBUG] - evaluate_round 2: strategy sampled 4 clients (out of 4)
[2024-09-27 12:28:09,372][flwr][DEBUG] - evaluate_round 2 received 4 results and 0 failures
[2024-09-27 12:28:09,372][flwr][DEBUG] - fit_round 3: strategy sampled 4 clients (out of 4)
[2024-09-27 12:28:10,333][flwr][DEBUG] - fit_round 3 received 4 results and 0 failures
[2024-09-27 12:28:11,015][flwr][INFO] - fit progress: (3, 13.668292417190969, {'accuracy': 0.9448}, 6.547048538000126)
[2024-09-27 12:28:11,016][flwr][DEBUG] - evaluate_round 3: strategy sampled 4 clients (out of 4)
[2024-09-27 12:28:11,450][flwr][DEBUG] - evaluate_round 3 received 4 results and 0 failures
[2024-09-27 12:28:11,450][flwr][DEBUG] - fit_round 4: strategy sampled 4 clients (out of 4)
[2024-09-27 12:28:12,434][flwr][DEBUG] - fit_round 4 received 4 results and 0 failures
[2024-09-27 12:28:13,144][flwr][INFO] - fit progress: (4, 11.0262753944844, {'accuracy': 0.9557}, 8.6757782640002)
[2024-09-27 12:28:13,144][flwr][DEBUG] - evaluate_round 4: strategy sampled 4 clients (out of 4)
[2024-09-27 12:28:13,578][flwr][DEBUG] - evaluate_round 4 received 4 results and 0 failures
[2024-09-27 12:28:13,579][flwr][DEBUG] - fit_round 5: strategy sampled 4 clients (out of 4)
[2024-09-27 12:28:14,546][flwr][DEBUG] - fit_round 5 received 4 results and 0 failures
[2024-09-27 12:28:15,240][flwr][INFO] - fit progress: (5, 9.457026508171111, {'accuracy': 0.9613}, 10.771733597000093)
[2024-09-27 12:28:15,240][flwr][DEBUG] - evaluate_round 5: strategy sampled 4 clients (out of 4)
[2024-09-27 12:28:15,678][flwr][DEBUG] - evaluate_round 5 received 4 results and 0 failures
[2024-09-27 12:28:15,678][flwr][DEBUG] - fit_round 6: strategy sampled 4 clients (out of 4)
[2024-09-27 12:28:16,701][flwr][DEBUG] - fit_round 6 received 4 results and 0 failures
[2024-09-27 12:28:17,377][flwr][INFO] - fit progress: (6, 8.109976469539106, {'accuracy': 0.9672}, 12.908540335999987)
[2024-09-27 12:28:17,377][flwr][DEBUG] - evaluate_round 6: strategy sampled 4 clients (out of 4)
[2024-09-27 12:28:17,793][flwr][DEBUG] - evaluate_round 6 received 4 results and 0 failures
[2024-09-27 12:28:17,794][flwr][DEBUG] - fit_round 7: strategy sampled 4 clients (out of 4)
[2024-09-27 12:28:18,723][flwr][DEBUG] - fit_round 7 received 4 results and 0 failures
[2024-09-27 12:28:19,426][flwr][INFO] - fit progress: (7, 8.749247530475259, {'accuracy': 0.9643}, 14.957900722999966)
[2024-09-27 12:28:19,426][flwr][DEBUG] - evaluate_round 7: strategy sampled 4 clients (out of 4)
[2024-09-27 12:28:19,858][flwr][DEBUG] - evaluate_round 7 received 4 results and 0 failures
[2024-09-27 12:28:19,858][flwr][DEBUG] - fit_round 8: strategy sampled 4 clients (out of 4)
[2024-09-27 12:28:20,826][flwr][DEBUG] - fit_round 8 received 4 results and 0 failures
[2024-09-27 12:28:21,510][flwr][INFO] - fit progress: (8, 7.847607763600536, {'accuracy': 0.9676}, 17.041842720000204)
[2024-09-27 12:28:21,510][flwr][DEBUG] - evaluate_round 8: strategy sampled 4 clients (out of 4)
[2024-09-27 12:28:21,952][flwr][DEBUG] - evaluate_round 8 received 4 results and 0 failures
[2024-09-27 12:28:21,952][flwr][DEBUG] - fit_round 9: strategy sampled 4 clients (out of 4)
[2024-09-27 12:28:22,890][flwr][DEBUG] - fit_round 9 received 4 results and 0 failures
[2024-09-27 12:28:23,606][flwr][INFO] - fit progress: (9, 7.649923687800765, {'accuracy': 0.9674}, 19.13807718399994)
[2024-09-27 12:28:23,607][flwr][DEBUG] - evaluate_round 9: strategy sampled 4 clients (out of 4)
[2024-09-27 12:28:24,046][flwr][DEBUG] - evaluate_round 9 received 4 results and 0 failures
[2024-09-27 12:28:24,046][flwr][DEBUG] - fit_round 10: strategy sampled 4 clients (out of 4)
[2024-09-27 12:28:25,105][flwr][DEBUG] - fit_round 10 received 4 results and 0 failures
[2024-09-27 12:28:25,793][flwr][INFO] - fit progress: (10, 7.411411889595911, {'accuracy': 0.9712}, 21.32459249700014)
[2024-09-27 12:28:25,793][flwr][DEBUG] - evaluate_round 10: strategy sampled 4 clients (out of 4)
[2024-09-27 12:28:26,297][flwr][DEBUG] - evaluate_round 10 received 4 results and 0 failures
[2024-09-27 12:28:26,297][flwr][INFO] - FL finished in 21.828767855000024
[2024-09-27 12:28:26,297][flwr][INFO] - app_fit: losses_distributed [(1, 8.155132725834846), (2, 2.9607465444132686), (3, 2.04327908763662), (4, 1.688767395913601), (5, 1.5685277036391199), (6, 1.4071777432691306), (7, 1.5904022136237472), (8, 1.2592533357674256), (9, 1.494655295740813), (10, 1.3638498123036698)]
[2024-09-27 12:28:26,297][flwr][INFO] - app_fit: metrics_distributed_fit {}
[2024-09-27 12:28:26,297][flwr][INFO] - app_fit: metrics_distributed {}
[2024-09-27 12:28:26,297][flwr][INFO] - app_fit: losses_centralized [(0, 182.16313457489014), (1, 63.29936534166336), (2, 20.350647993385792), (3, 13.668292417190969), (4, 11.0262753944844), (5, 9.457026508171111), (6, 8.109976469539106), (7, 8.749247530475259), (8, 7.847607763600536), (9, 7.649923687800765), (10, 7.411411889595911)]
[2024-09-27 12:28:26,297][flwr][INFO] - app_fit: metrics_centralized {'accuracy': [(0, 0.087), (1, 0.7395), (2, 0.9238), (3, 0.9448), (4, 0.9557), (5, 0.9613), (6, 0.9672), (7, 0.9643), (8, 0.9676), (9, 0.9674), (10, 0.9712)]}
[2024-09-27 12:28:27,302][flwr][INFO] - Starting Flower simulation, config: ServerConfig(num_rounds=10, round_timeout=None)
[2024-09-27 12:28:32,257][flwr][INFO] - Flower VCE: Ray initialized with resources: {'node:10.0.0.182': 1.0, 'memory': 8325213390.0, 'CPU': 12.0, 'object_store_memory': 4162606694.0}
[2024-09-27 12:28:32,259][flwr][INFO] - Initializing global parameters
[2024-09-27 12:28:32,260][flwr][INFO] - Requesting initial parameters from one random client
[2024-09-27 12:28:32,969][flwr][INFO] - Received initial parameters from one random client
[2024-09-27 12:28:32,969][flwr][INFO] - Evaluating initial parameters
[2024-09-27 12:28:33,669][flwr][INFO] - initial parameters (loss, other metrics): 182.21696186065674, {'accuracy': 0.1066}
[2024-09-27 12:28:33,669][flwr][INFO] - FL starting
[2024-09-27 12:28:33,669][flwr][DEBUG] - fit_round 1: strategy sampled 1 clients (out of 1)
[2024-09-27 12:28:34,158][flwr][DEBUG] - fit_round 1 received 1 results and 0 failures
[2024-09-27 12:28:34,160][flwr][WARNING] - No fit_metrics_aggregation_fn provided
[2024-09-27 12:28:34,849][flwr][INFO] - fit progress: (1, 64.01789140701294, {'accuracy': 0.7478}, 1.1794194579997566)
[2024-09-27 12:28:34,849][flwr][DEBUG] - evaluate_round 1: strategy sampled 1 clients (out of 1)
[2024-09-27 12:28:35,021][flwr][DEBUG] - evaluate_round 1 received 1 results and 0 failures
[2024-09-27 12:28:35,022][flwr][WARNING] - No evaluate_metrics_aggregation_fn provided
[2024-09-27 12:28:35,022][flwr][DEBUG] - fit_round 2: strategy sampled 1 clients (out of 1)
[2024-09-27 12:28:35,495][flwr][DEBUG] - fit_round 2 received 1 results and 0 failures
[2024-09-27 12:28:36,164][flwr][INFO] - fit progress: (2, 29.547813042998314, {'accuracy': 0.8758}, 2.495159263000005)
[2024-09-27 12:28:36,164][flwr][DEBUG] - evaluate_round 2: strategy sampled 1 clients (out of 1)
[2024-09-27 12:28:36,296][flwr][DEBUG] - evaluate_round 2 received 1 results and 0 failures
[2024-09-27 12:28:36,296][flwr][DEBUG] - fit_round 3: strategy sampled 1 clients (out of 1)
[2024-09-27 12:28:36,654][flwr][DEBUG] - fit_round 3 received 1 results and 0 failures
[2024-09-27 12:28:37,320][flwr][INFO] - fit progress: (3, 33.351661033928394, {'accuracy': 0.8639}, 3.6503945429999476)
[2024-09-27 12:28:37,320][flwr][DEBUG] - evaluate_round 3: strategy sampled 1 clients (out of 1)
[2024-09-27 12:28:37,482][flwr][DEBUG] - evaluate_round 3 received 1 results and 0 failures
[2024-09-27 12:28:37,482][flwr][DEBUG] - fit_round 4: strategy sampled 1 clients (out of 1)
[2024-09-27 12:28:37,835][flwr][DEBUG] - fit_round 4 received 1 results and 0 failures
[2024-09-27 12:28:38,541][flwr][INFO] - fit progress: (4, 23.508670082315803, {'accuracy': 0.9131}, 4.871540048999577)
[2024-09-27 12:28:38,541][flwr][DEBUG] - evaluate_round 4: strategy sampled 1 clients (out of 1)
[2024-09-27 12:28:38,729][flwr][DEBUG] - evaluate_round 4 received 1 results and 0 failures
[2024-09-27 12:28:38,729][flwr][DEBUG] - fit_round 5: strategy sampled 1 clients (out of 1)
[2024-09-27 12:28:39,159][flwr][DEBUG] - fit_round 5 received 1 results and 0 failures
[2024-09-27 12:28:39,823][flwr][INFO] - fit progress: (5, 22.624995788093656, {'accuracy': 0.9199}, 6.154053028999897)
[2024-09-27 12:28:39,823][flwr][DEBUG] - evaluate_round 5: strategy sampled 1 clients (out of 1)
[2024-09-27 12:28:39,988][flwr][DEBUG] - evaluate_round 5 received 1 results and 0 failures
[2024-09-27 12:28:39,988][flwr][DEBUG] - fit_round 6: strategy sampled 1 clients (out of 1)
[2024-09-27 12:28:40,369][flwr][DEBUG] - fit_round 6 received 1 results and 0 failures
[2024-09-27 12:28:41,075][flwr][INFO] - fit progress: (6, 23.306410690769553, {'accuracy': 0.9142}, 7.4060778879998)
[2024-09-27 12:28:41,075][flwr][DEBUG] - evaluate_round 6: strategy sampled 1 clients (out of 1)
[2024-09-27 12:28:41,291][flwr][DEBUG] - evaluate_round 6 received 1 results and 0 failures
[2024-09-27 12:28:41,291][flwr][DEBUG] - fit_round 7: strategy sampled 1 clients (out of 1)
[2024-09-27 12:28:41,669][flwr][DEBUG] - fit_round 7 received 1 results and 0 failures
[2024-09-27 12:28:42,337][flwr][INFO] - fit progress: (7, 20.197564186062664, {'accuracy': 0.9197}, 8.667526212999746)
[2024-09-27 12:28:42,337][flwr][DEBUG] - evaluate_round 7: strategy sampled 1 clients (out of 1)
[2024-09-27 12:28:42,479][flwr][DEBUG] - evaluate_round 7 received 1 results and 0 failures
[2024-09-27 12:28:42,479][flwr][DEBUG] - fit_round 8: strategy sampled 1 clients (out of 1)
[2024-09-27 12:28:42,819][flwr][DEBUG] - fit_round 8 received 1 results and 0 failures
[2024-09-27 12:28:43,505][flwr][INFO] - fit progress: (8, 16.790066916728392, {'accuracy': 0.9412}, 9.836282710999967)
[2024-09-27 12:28:43,506][flwr][DEBUG] - evaluate_round 8: strategy sampled 1 clients (out of 1)
[2024-09-27 12:28:43,641][flwr][DEBUG] - evaluate_round 8 received 1 results and 0 failures
[2024-09-27 12:28:43,641][flwr][DEBUG] - fit_round 9: strategy sampled 1 clients (out of 1)
[2024-09-27 12:28:44,007][flwr][DEBUG] - fit_round 9 received 1 results and 0 failures
[2024-09-27 12:28:44,706][flwr][INFO] - fit progress: (9, 16.576039686216973, {'accuracy': 0.9485}, 11.037267674999839)
[2024-09-27 12:28:44,707][flwr][DEBUG] - evaluate_round 9: strategy sampled 1 clients (out of 1)
[2024-09-27 12:28:44,850][flwr][DEBUG] - evaluate_round 9 received 1 results and 0 failures
[2024-09-27 12:28:44,851][flwr][DEBUG] - fit_round 10: strategy sampled 1 clients (out of 1)
[2024-09-27 12:28:45,219][flwr][DEBUG] - fit_round 10 received 1 results and 0 failures
[2024-09-27 12:28:45,916][flwr][INFO] - fit progress: (10, 17.024296519346535, {'accuracy': 0.95}, 12.246711909999703)
[2024-09-27 12:28:45,916][flwr][DEBUG] - evaluate_round 10: strategy sampled 1 clients (out of 1)
[2024-09-27 12:28:46,069][flwr][DEBUG] - evaluate_round 10 received 1 results and 0 failures
[2024-09-27 12:28:46,069][flwr][INFO] - FL finished in 12.400174955999773
[2024-09-27 12:28:46,069][flwr][INFO] - app_fit: losses_distributed [(1, 8.372967898845673), (2, 3.8727100044488907), (3, 3.6703667491674423), (4, 3.236739680171013), (5, 3.5310377031564713), (6, 3.1988634020090103), (7, 2.68012498319149), (8, 2.1883318251930177), (9, 1.9481122561264783), (10, 2.2173899540212005)]
[2024-09-27 12:28:46,069][flwr][INFO] - app_fit: metrics_distributed_fit {}
[2024-09-27 12:28:46,069][flwr][INFO] - app_fit: metrics_distributed {}
[2024-09-27 12:28:46,069][flwr][INFO] - app_fit: losses_centralized [(0, 182.21696186065674), (1, 64.01789140701294), (2, 29.547813042998314), (3, 33.351661033928394), (4, 23.508670082315803), (5, 22.624995788093656), (6, 23.306410690769553), (7, 20.197564186062664), (8, 16.790066916728392), (9, 16.576039686216973), (10, 17.024296519346535)]
[2024-09-27 12:28:46,070][flwr][INFO] - app_fit: metrics_centralized {'accuracy': [(0, 0.1066), (1, 0.7478), (2, 0.8758), (3, 0.8639), (4, 0.9131), (5, 0.9199), (6, 0.9142), (7, 0.9197), (8, 0.9412), (9, 0.9485), (10, 0.95)]}
[2024-09-27 12:29:04,103][flwr][INFO] - Starting Flower simulation, config: ServerConfig(num_rounds=10, round_timeout=None)
[2024-09-27 12:29:08,983][flwr][INFO] - Flower VCE: Ray initialized with resources: {'memory': 8318892443.0, 'CPU': 12.0, 'object_store_memory': 4159446220.0, 'node:10.0.0.182': 1.0}
[2024-09-27 12:29:08,986][flwr][INFO] - Initializing global parameters
[2024-09-27 12:29:08,986][flwr][INFO] - Requesting initial parameters from one random client
[2024-09-27 12:29:09,751][flwr][INFO] - Received initial parameters from one random client
[2024-09-27 12:29:09,751][flwr][INFO] - Evaluating initial parameters
[2024-09-27 12:29:10,433][flwr][INFO] - initial parameters (loss, other metrics): 181.77953362464905, {'accuracy': 0.098}
[2024-09-27 12:29:10,433][flwr][INFO] - FL starting
[2024-09-27 12:29:10,433][flwr][DEBUG] - fit_round 1: strategy sampled 18 clients (out of 18)
[2024-09-27 12:29:15,307][flwr][DEBUG] - fit_round 1 received 18 results and 0 failures
[2024-09-27 12:29:15,346][flwr][WARNING] - No fit_metrics_aggregation_fn provided
[2024-09-27 12:29:16,019][flwr][INFO] - fit progress: (1, 49.77788510918617, {'accuracy': 0.7899}, 5.5859340879997035)
[2024-09-27 12:29:16,019][flwr][DEBUG] - evaluate_round 1: strategy sampled 18 clients (out of 18)
[2024-09-27 12:29:18,002][flwr][DEBUG] - evaluate_round 1 received 18 results and 0 failures
[2024-09-27 12:29:18,003][flwr][WARNING] - No evaluate_metrics_aggregation_fn provided
[2024-09-27 12:29:18,003][flwr][DEBUG] - fit_round 2: strategy sampled 18 clients (out of 18)
[2024-09-27 12:29:21,841][flwr][DEBUG] - fit_round 2 received 18 results and 0 failures
[2024-09-27 12:29:22,557][flwr][INFO] - fit progress: (2, 15.98008443415165, {'accuracy': 0.939}, 12.124357502999828)
[2024-09-27 12:29:22,557][flwr][DEBUG] - evaluate_round 2: strategy sampled 18 clients (out of 18)
[2024-09-27 12:29:24,554][flwr][DEBUG] - evaluate_round 2 received 18 results and 0 failures
[2024-09-27 12:29:24,555][flwr][DEBUG] - fit_round 3: strategy sampled 18 clients (out of 18)
[2024-09-27 12:29:28,420][flwr][DEBUG] - fit_round 3 received 18 results and 0 failures
[2024-09-27 12:29:29,142][flwr][INFO] - fit progress: (3, 11.078855148050934, {'accuracy': 0.9584}, 18.708598034999795)
[2024-09-27 12:29:29,142][flwr][DEBUG] - evaluate_round 3: strategy sampled 18 clients (out of 18)
[2024-09-27 12:29:31,207][flwr][DEBUG] - evaluate_round 3 received 18 results and 0 failures
[2024-09-27 12:29:31,207][flwr][DEBUG] - fit_round 4: strategy sampled 18 clients (out of 18)
[2024-09-27 12:29:35,189][flwr][DEBUG] - fit_round 4 received 18 results and 0 failures
[2024-09-27 12:29:35,935][flwr][INFO] - fit progress: (4, 8.03387419716455, {'accuracy': 0.9686}, 25.502262230999804)
[2024-09-27 12:29:35,935][flwr][DEBUG] - evaluate_round 4: strategy sampled 18 clients (out of 18)
[2024-09-27 12:29:38,031][flwr][DEBUG] - evaluate_round 4 received 18 results and 0 failures
[2024-09-27 12:29:38,031][flwr][DEBUG] - fit_round 5: strategy sampled 18 clients (out of 18)
[2024-09-27 12:29:42,062][flwr][DEBUG] - fit_round 5 received 18 results and 0 failures
[2024-09-27 12:29:42,818][flwr][INFO] - fit progress: (5, 7.089832477970049, {'accuracy': 0.9732}, 32.385176195999975)
[2024-09-27 12:29:42,818][flwr][DEBUG] - evaluate_round 5: strategy sampled 18 clients (out of 18)
[2024-09-27 12:29:44,732][flwr][DEBUG] - evaluate_round 5 received 18 results and 0 failures
[2024-09-27 12:29:44,732][flwr][DEBUG] - fit_round 6: strategy sampled 18 clients (out of 18)
[2024-09-27 12:29:48,459][flwr][DEBUG] - fit_round 6 received 18 results and 0 failures
[2024-09-27 12:29:49,275][flwr][INFO] - fit progress: (6, 6.163365185668226, {'accuracy': 0.9759}, 38.84252175499978)
[2024-09-27 12:29:49,276][flwr][DEBUG] - evaluate_round 6: strategy sampled 18 clients (out of 18)
[2024-09-27 12:29:51,334][flwr][DEBUG] - evaluate_round 6 received 18 results and 0 failures
[2024-09-27 12:29:51,335][flwr][DEBUG] - fit_round 7: strategy sampled 18 clients (out of 18)
[2024-09-27 12:29:55,115][flwr][DEBUG] - fit_round 7 received 18 results and 0 failures
[2024-09-27 12:29:55,897][flwr][INFO] - fit progress: (7, 5.416449459618889, {'accuracy': 0.9784}, 45.464257782999994)
[2024-09-27 12:29:55,897][flwr][DEBUG] - evaluate_round 7: strategy sampled 18 clients (out of 18)
[2024-09-27 12:29:58,016][flwr][DEBUG] - evaluate_round 7 received 18 results and 0 failures
[2024-09-27 12:29:58,017][flwr][DEBUG] - fit_round 8: strategy sampled 18 clients (out of 18)
[2024-09-27 12:30:02,453][flwr][DEBUG] - fit_round 8 received 18 results and 0 failures
[2024-09-27 12:30:03,197][flwr][INFO] - fit progress: (8, 5.028024004190229, {'accuracy': 0.9795}, 52.76420008700006)
[2024-09-27 12:30:03,197][flwr][DEBUG] - evaluate_round 8: strategy sampled 18 clients (out of 18)
[2024-09-27 12:30:05,592][flwr][DEBUG] - evaluate_round 8 received 18 results and 0 failures
[2024-09-27 12:30:05,592][flwr][DEBUG] - fit_round 9: strategy sampled 18 clients (out of 18)
[2024-09-27 12:30:09,856][flwr][DEBUG] - fit_round 9 received 18 results and 0 failures
[2024-09-27 12:30:10,731][flwr][INFO] - fit progress: (9, 4.731750430219108, {'accuracy': 0.9806}, 60.297867073999896)
[2024-09-27 12:30:10,731][flwr][DEBUG] - evaluate_round 9: strategy sampled 18 clients (out of 18)
[2024-09-27 12:30:13,049][flwr][DEBUG] - evaluate_round 9 received 18 results and 0 failures
[2024-09-27 12:30:13,051][flwr][DEBUG] - fit_round 10: strategy sampled 18 clients (out of 18)
[2024-09-27 12:30:17,260][flwr][DEBUG] - fit_round 10 received 18 results and 0 failures
[2024-09-27 12:30:18,017][flwr][INFO] - fit progress: (10, 4.561567296797875, {'accuracy': 0.9817}, 67.58365457199989)
[2024-09-27 12:30:18,017][flwr][DEBUG] - evaluate_round 10: strategy sampled 18 clients (out of 18)
[2024-09-27 12:30:20,575][flwr][DEBUG] - evaluate_round 10 received 18 results and 0 failures
[2024-09-27 12:30:20,575][flwr][INFO] - FL finished in 70.14210785799969
[2024-09-27 12:30:20,575][flwr][INFO] - app_fit: losses_distributed [(1, 6.604646163682143), (2, 2.3211094413159623), (3, 1.6467035063283726), (4, 1.2090479073166434), (5, 1.0780943166335217), (6, 0.9397418615278892), (7, 0.8254841887650805), (8, 0.7988911707038319), (9, 0.7198453073085855), (10, 0.6853306270333834)]
[2024-09-27 12:30:20,575][flwr][INFO] - app_fit: metrics_distributed_fit {}
[2024-09-27 12:30:20,575][flwr][INFO] - app_fit: metrics_distributed {}
[2024-09-27 12:30:20,575][flwr][INFO] - app_fit: losses_centralized [(0, 181.77953362464905), (1, 49.77788510918617), (2, 15.98008443415165), (3, 11.078855148050934), (4, 8.03387419716455), (5, 7.089832477970049), (6, 6.163365185668226), (7, 5.416449459618889), (8, 5.028024004190229), (9, 4.731750430219108), (10, 4.561567296797875)]
[2024-09-27 12:30:20,575][flwr][INFO] - app_fit: metrics_centralized {'accuracy': [(0, 0.098), (1, 0.7899), (2, 0.939), (3, 0.9584), (4, 0.9686), (5, 0.9732), (6, 0.9759), (7, 0.9784), (8, 0.9795), (9, 0.9806), (10, 0.9817)]}
