[2024-09-01 19:46:14,095][flwr][INFO] - Starting Flower simulation, config: ServerConfig(num_rounds=2, round_timeout=None)
[2024-09-01 19:46:15,529][flwr][INFO] - Flower VCE: Ray initialized with resources: {'memory': 5506948302.0, 'CPU': 12.0, 'node:10.0.0.182': 1.0, 'object_store_memory': 2753474150.0}
[2024-09-01 19:46:15,530][flwr][INFO] - Initializing global parameters
[2024-09-01 19:46:15,531][flwr][INFO] - Requesting initial parameters from one random client
[2024-09-01 19:46:16,324][flwr][INFO] - Received initial parameters from one random client
[2024-09-01 19:46:16,324][flwr][INFO] - Evaluating initial parameters
[2024-09-01 19:46:16,324][flwr][INFO] - FL starting
[2024-09-01 19:46:16,324][flwr][DEBUG] - fit_round 1: strategy sampled 30 clients (out of 30)
[2024-09-01 19:46:23,946][flwr][DEBUG] - fit_round 1 received 30 results and 0 failures
[2024-09-01 19:46:23,987][flwr][WARNING] - No fit_metrics_aggregation_fn provided
[2024-09-01 19:46:23,988][flwr][INFO] - evaluate_round 1: no clients selected, cancel
[2024-09-01 19:46:23,988][flwr][DEBUG] - fit_round 2: strategy sampled 30 clients (out of 30)
[2024-09-01 19:46:30,419][flwr][DEBUG] - fit_round 2 received 30 results and 0 failures
[2024-09-01 19:46:30,457][flwr][INFO] - evaluate_round 2: no clients selected, cancel
[2024-09-01 19:46:30,457][flwr][INFO] - FL finished in 14.133713604998775
[2024-09-01 19:46:30,458][flwr][INFO] - app_fit: losses_distributed []
[2024-09-01 19:46:30,458][flwr][INFO] - app_fit: metrics_distributed_fit {}
[2024-09-01 19:46:30,458][flwr][INFO] - app_fit: metrics_distributed {}
[2024-09-01 19:46:30,458][flwr][INFO] - app_fit: losses_centralized []
[2024-09-01 19:46:30,458][flwr][INFO] - app_fit: metrics_centralized {}
[2024-09-01 19:48:04,066][flwr][INFO] - Starting Flower simulation, config: ServerConfig(num_rounds=10, round_timeout=None)
[2024-09-01 19:48:08,750][flwr][INFO] - Flower VCE: Ray initialized with resources: {'object_store_memory': 2711164108.0, 'CPU': 12.0, 'memory': 5422328219.0, 'node:10.0.0.182': 1.0}
[2024-09-01 19:48:08,751][flwr][INFO] - Initializing global parameters
[2024-09-01 19:48:08,751][flwr][INFO] - Requesting initial parameters from one random client
[2024-09-01 19:48:09,449][flwr][INFO] - Received initial parameters from one random client
[2024-09-01 19:48:09,449][flwr][INFO] - Evaluating initial parameters
[2024-09-01 19:48:10,127][flwr][INFO] - initial parameters (loss, other metrics): 182.45407962799072, {'accuracy': 0.1022}
[2024-09-01 19:48:10,127][flwr][INFO] - FL starting
[2024-09-01 19:48:10,127][flwr][DEBUG] - fit_round 1: strategy sampled 3 clients (out of 3)
[2024-09-01 19:48:11,518][flwr][DEBUG] - fit_round 1 received 3 results and 0 failures
[2024-09-01 19:48:11,525][flwr][WARNING] - No fit_metrics_aggregation_fn provided
[2024-09-01 19:48:12,183][flwr][INFO] - fit progress: (1, 51.56913220882416, {'accuracy': 0.7703}, 2.0561082490021363)
[2024-09-01 19:48:12,183][flwr][DEBUG] - evaluate_round 1: strategy sampled 3 clients (out of 3)
[2024-09-01 19:48:12,521][flwr][DEBUG] - evaluate_round 1 received 3 results and 0 failures
[2024-09-01 19:48:12,522][flwr][WARNING] - No evaluate_metrics_aggregation_fn provided
[2024-09-01 19:48:12,522][flwr][DEBUG] - fit_round 2: strategy sampled 3 clients (out of 3)
[2024-09-01 19:48:13,480][flwr][DEBUG] - fit_round 2 received 3 results and 0 failures
[2024-09-01 19:48:14,200][flwr][INFO] - fit progress: (2, 22.81333563104272, {'accuracy': 0.9197}, 4.073075438005617)
[2024-09-01 19:48:14,200][flwr][DEBUG] - evaluate_round 2: strategy sampled 3 clients (out of 3)
[2024-09-01 19:48:14,522][flwr][DEBUG] - evaluate_round 2 received 3 results and 0 failures
[2024-09-01 19:48:14,522][flwr][DEBUG] - fit_round 3: strategy sampled 3 clients (out of 3)
[2024-09-01 19:48:15,347][flwr][DEBUG] - fit_round 3 received 3 results and 0 failures
[2024-09-01 19:48:16,027][flwr][INFO] - fit progress: (3, 15.794899593107402, {'accuracy': 0.937}, 5.8999746490007965)
[2024-09-01 19:48:16,027][flwr][DEBUG] - evaluate_round 3: strategy sampled 3 clients (out of 3)
[2024-09-01 19:48:16,364][flwr][DEBUG] - evaluate_round 3 received 3 results and 0 failures
[2024-09-01 19:48:16,364][flwr][DEBUG] - fit_round 4: strategy sampled 3 clients (out of 3)
[2024-09-01 19:48:17,242][flwr][DEBUG] - fit_round 4 received 3 results and 0 failures
[2024-09-01 19:48:17,931][flwr][INFO] - fit progress: (4, 12.094100508838892, {'accuracy': 0.9524}, 7.804325728007825)
[2024-09-01 19:48:17,931][flwr][DEBUG] - evaluate_round 4: strategy sampled 3 clients (out of 3)
[2024-09-01 19:48:18,278][flwr][DEBUG] - evaluate_round 4 received 3 results and 0 failures
[2024-09-01 19:48:18,278][flwr][DEBUG] - fit_round 5: strategy sampled 3 clients (out of 3)
[2024-09-01 19:48:19,166][flwr][DEBUG] - fit_round 5 received 3 results and 0 failures
[2024-09-01 19:48:19,859][flwr][INFO] - fit progress: (5, 10.299696702277288, {'accuracy': 0.9596}, 9.732142433000263)
[2024-09-01 19:48:19,859][flwr][DEBUG] - evaluate_round 5: strategy sampled 3 clients (out of 3)
[2024-09-01 19:48:20,242][flwr][DEBUG] - evaluate_round 5 received 3 results and 0 failures
[2024-09-01 19:48:20,242][flwr][DEBUG] - fit_round 6: strategy sampled 3 clients (out of 3)
[2024-09-01 19:48:21,045][flwr][DEBUG] - fit_round 6 received 3 results and 0 failures
[2024-09-01 19:48:21,740][flwr][INFO] - fit progress: (6, 8.48626684397459, {'accuracy': 0.9661}, 11.613586804000079)
[2024-09-01 19:48:21,740][flwr][DEBUG] - evaluate_round 6: strategy sampled 3 clients (out of 3)
[2024-09-01 19:48:22,132][flwr][DEBUG] - evaluate_round 6 received 3 results and 0 failures
[2024-09-01 19:48:22,132][flwr][DEBUG] - fit_round 7: strategy sampled 3 clients (out of 3)
[2024-09-01 19:48:23,029][flwr][DEBUG] - fit_round 7 received 3 results and 0 failures
[2024-09-01 19:48:23,744][flwr][INFO] - fit progress: (7, 7.456341618177248, {'accuracy': 0.9689}, 13.617550021997886)
[2024-09-01 19:48:23,744][flwr][DEBUG] - evaluate_round 7: strategy sampled 3 clients (out of 3)
[2024-09-01 19:48:24,084][flwr][DEBUG] - evaluate_round 7 received 3 results and 0 failures
[2024-09-01 19:48:24,084][flwr][DEBUG] - fit_round 8: strategy sampled 3 clients (out of 3)
[2024-09-01 19:48:25,000][flwr][DEBUG] - fit_round 8 received 3 results and 0 failures
[2024-09-01 19:48:25,714][flwr][INFO] - fit progress: (8, 7.86020900242147, {'accuracy': 0.9693}, 15.587054970004829)
[2024-09-01 19:48:25,714][flwr][DEBUG] - evaluate_round 8: strategy sampled 3 clients (out of 3)
[2024-09-01 19:48:26,116][flwr][DEBUG] - evaluate_round 8 received 3 results and 0 failures
[2024-09-01 19:48:26,116][flwr][DEBUG] - fit_round 9: strategy sampled 3 clients (out of 3)
[2024-09-01 19:48:27,043][flwr][DEBUG] - fit_round 9 received 3 results and 0 failures
[2024-09-01 19:48:27,736][flwr][INFO] - fit progress: (9, 7.238798689802934, {'accuracy': 0.9715}, 17.609566736995475)
[2024-09-01 19:48:27,736][flwr][DEBUG] - evaluate_round 9: strategy sampled 3 clients (out of 3)
[2024-09-01 19:48:28,063][flwr][DEBUG] - evaluate_round 9 received 3 results and 0 failures
[2024-09-01 19:48:28,064][flwr][DEBUG] - fit_round 10: strategy sampled 3 clients (out of 3)
[2024-09-01 19:48:28,895][flwr][DEBUG] - fit_round 10 received 3 results and 0 failures
[2024-09-01 19:48:29,625][flwr][INFO] - fit progress: (10, 7.078558258130215, {'accuracy': 0.9736}, 19.498097019997658)
[2024-09-01 19:48:29,625][flwr][DEBUG] - evaluate_round 10: strategy sampled 3 clients (out of 3)
[2024-09-01 19:48:30,014][flwr][DEBUG] - evaluate_round 10 received 3 results and 0 failures
[2024-09-01 19:48:30,014][flwr][INFO] - FL finished in 19.88714917600737
[2024-09-01 19:48:30,014][flwr][INFO] - app_fit: losses_distributed [(1, 6.729605098565419), (2, 2.9328077832857766), (3, 1.9789201052238543), (4, 1.8658521647254627), (5, 1.4341767538959782), (6, 1.413303541795661), (7, 1.1604256954354544), (8, 1.2731726576263707), (9, 1.2146144321886823), (10, 1.100028993426046)]
[2024-09-01 19:48:30,014][flwr][INFO] - app_fit: metrics_distributed_fit {}
[2024-09-01 19:48:30,014][flwr][INFO] - app_fit: metrics_distributed {}
[2024-09-01 19:48:30,014][flwr][INFO] - app_fit: losses_centralized [(0, 182.45407962799072), (1, 51.56913220882416), (2, 22.81333563104272), (3, 15.794899593107402), (4, 12.094100508838892), (5, 10.299696702277288), (6, 8.48626684397459), (7, 7.456341618177248), (8, 7.86020900242147), (9, 7.238798689802934), (10, 7.078558258130215)]
[2024-09-01 19:48:30,014][flwr][INFO] - app_fit: metrics_centralized {'accuracy': [(0, 0.1022), (1, 0.7703), (2, 0.9197), (3, 0.937), (4, 0.9524), (5, 0.9596), (6, 0.9661), (7, 0.9689), (8, 0.9693), (9, 0.9715), (10, 0.9736)]}
[2024-09-01 19:48:46,046][flwr][INFO] - Starting Flower simulation, config: ServerConfig(num_rounds=10, round_timeout=None)
[2024-09-01 19:48:50,717][flwr][INFO] - Flower VCE: Ray initialized with resources: {'node:10.0.0.182': 1.0, 'memory': 5415024231.0, 'CPU': 12.0, 'object_store_memory': 2707512115.0}
[2024-09-01 19:48:50,718][flwr][INFO] - Initializing global parameters
[2024-09-01 19:48:50,718][flwr][INFO] - Requesting initial parameters from one random client
[2024-09-01 19:48:51,511][flwr][INFO] - Received initial parameters from one random client
[2024-09-01 19:48:51,511][flwr][INFO] - Evaluating initial parameters
[2024-09-01 19:48:52,189][flwr][INFO] - initial parameters (loss, other metrics): 182.02455615997314, {'accuracy': 0.0984}
[2024-09-01 19:48:52,189][flwr][INFO] - FL starting
[2024-09-01 19:48:52,190][flwr][DEBUG] - fit_round 1: strategy sampled 16 clients (out of 16)
[2024-09-01 19:48:56,864][flwr][DEBUG] - fit_round 1 received 16 results and 0 failures
[2024-09-01 19:48:56,916][flwr][WARNING] - No fit_metrics_aggregation_fn provided
[2024-09-01 19:48:57,611][flwr][INFO] - fit progress: (1, 92.24923533201218, {'accuracy': 0.6593}, 5.421817046008073)
[2024-09-01 19:48:57,611][flwr][DEBUG] - evaluate_round 1: strategy sampled 16 clients (out of 16)
[2024-09-01 19:48:59,341][flwr][DEBUG] - evaluate_round 1 received 16 results and 0 failures
[2024-09-01 19:48:59,341][flwr][WARNING] - No evaluate_metrics_aggregation_fn provided
[2024-09-01 19:48:59,341][flwr][DEBUG] - fit_round 2: strategy sampled 16 clients (out of 16)
[2024-09-01 19:49:02,906][flwr][DEBUG] - fit_round 2 received 16 results and 0 failures
[2024-09-01 19:49:03,699][flwr][INFO] - fit progress: (2, 26.01685582846403, {'accuracy': 0.894}, 11.509827325004153)
[2024-09-01 19:49:03,699][flwr][DEBUG] - evaluate_round 2: strategy sampled 16 clients (out of 16)
[2024-09-01 19:49:05,328][flwr][DEBUG] - evaluate_round 2 received 16 results and 0 failures
[2024-09-01 19:49:05,329][flwr][DEBUG] - fit_round 3: strategy sampled 16 clients (out of 16)
[2024-09-01 19:49:08,945][flwr][DEBUG] - fit_round 3 received 16 results and 0 failures
[2024-09-01 19:49:09,722][flwr][INFO] - fit progress: (3, 15.708087090402842, {'accuracy': 0.9374}, 17.53222619200824)
[2024-09-01 19:49:09,722][flwr][DEBUG] - evaluate_round 3: strategy sampled 16 clients (out of 16)
[2024-09-01 19:49:11,570][flwr][DEBUG] - evaluate_round 3 received 16 results and 0 failures
[2024-09-01 19:49:11,570][flwr][DEBUG] - fit_round 4: strategy sampled 16 clients (out of 16)
[2024-09-01 19:49:15,158][flwr][DEBUG] - fit_round 4 received 16 results and 0 failures
[2024-09-01 19:49:15,873][flwr][INFO] - fit progress: (4, 11.552664030343294, {'accuracy': 0.9538}, 23.683140908004134)
[2024-09-01 19:49:15,873][flwr][DEBUG] - evaluate_round 4: strategy sampled 16 clients (out of 16)
[2024-09-01 19:49:17,733][flwr][DEBUG] - evaluate_round 4 received 16 results and 0 failures
[2024-09-01 19:49:17,734][flwr][DEBUG] - fit_round 5: strategy sampled 16 clients (out of 16)
[2024-09-01 19:49:21,392][flwr][DEBUG] - fit_round 5 received 16 results and 0 failures
[2024-09-01 19:49:22,108][flwr][INFO] - fit progress: (5, 9.641234343638644, {'accuracy': 0.9601}, 29.918596832998446)
[2024-09-01 19:49:22,108][flwr][DEBUG] - evaluate_round 5: strategy sampled 16 clients (out of 16)
[2024-09-01 19:49:24,103][flwr][DEBUG] - evaluate_round 5 received 16 results and 0 failures
[2024-09-01 19:49:24,103][flwr][DEBUG] - fit_round 6: strategy sampled 16 clients (out of 16)
[2024-09-01 19:49:27,339][flwr][DEBUG] - fit_round 6 received 16 results and 0 failures
[2024-09-01 19:49:28,061][flwr][INFO] - fit progress: (6, 8.185487580252811, {'accuracy': 0.9649}, 35.87158872799773)
[2024-09-01 19:49:28,061][flwr][DEBUG] - evaluate_round 6: strategy sampled 16 clients (out of 16)
[2024-09-01 19:49:29,898][flwr][DEBUG] - evaluate_round 6 received 16 results and 0 failures
[2024-09-01 19:49:29,898][flwr][DEBUG] - fit_round 7: strategy sampled 16 clients (out of 16)
[2024-09-01 19:49:33,251][flwr][DEBUG] - fit_round 7 received 16 results and 0 failures
[2024-09-01 19:49:34,003][flwr][INFO] - fit progress: (7, 7.091515010222793, {'accuracy': 0.9707}, 41.81367615799536)
[2024-09-01 19:49:34,003][flwr][DEBUG] - evaluate_round 7: strategy sampled 16 clients (out of 16)
[2024-09-01 19:49:35,914][flwr][DEBUG] - evaluate_round 7 received 16 results and 0 failures
[2024-09-01 19:49:35,915][flwr][DEBUG] - fit_round 8: strategy sampled 16 clients (out of 16)
[2024-09-01 19:49:39,590][flwr][DEBUG] - fit_round 8 received 16 results and 0 failures
[2024-09-01 19:49:40,304][flwr][INFO] - fit progress: (8, 6.822447642451152, {'accuracy': 0.9715}, 48.114293343998725)
[2024-09-01 19:49:40,304][flwr][DEBUG] - evaluate_round 8: strategy sampled 16 clients (out of 16)
[2024-09-01 19:49:42,023][flwr][DEBUG] - evaluate_round 8 received 16 results and 0 failures
[2024-09-01 19:49:42,023][flwr][DEBUG] - fit_round 9: strategy sampled 16 clients (out of 16)
[2024-09-01 19:49:45,279][flwr][DEBUG] - fit_round 9 received 16 results and 0 failures
[2024-09-01 19:49:46,009][flwr][INFO] - fit progress: (9, 5.804305644822307, {'accuracy': 0.9765}, 53.81927741599793)
[2024-09-01 19:49:46,009][flwr][DEBUG] - evaluate_round 9: strategy sampled 16 clients (out of 16)
[2024-09-01 19:49:47,840][flwr][DEBUG] - evaluate_round 9 received 16 results and 0 failures
[2024-09-01 19:49:47,840][flwr][DEBUG] - fit_round 10: strategy sampled 16 clients (out of 16)
[2024-09-01 19:49:51,470][flwr][DEBUG] - fit_round 10 received 16 results and 0 failures
[2024-09-01 19:49:52,186][flwr][INFO] - fit progress: (10, 5.745719701983035, {'accuracy': 0.9777}, 59.99635877700348)
[2024-09-01 19:49:52,186][flwr][DEBUG] - evaluate_round 10: strategy sampled 16 clients (out of 16)
[2024-09-01 19:49:54,107][flwr][DEBUG] - evaluate_round 10 received 16 results and 0 failures
[2024-09-01 19:49:54,107][flwr][INFO] - FL finished in 61.91760324200732
[2024-09-01 19:49:54,107][flwr][INFO] - app_fit: losses_distributed [(1, 11.921287149190903), (2, 3.871459082234651), (3, 2.410510810208507), (4, 1.812951973406598), (5, 1.506883225927595), (6, 1.2661689586238936), (7, 1.0903685472148936), (8, 1.0448060767375864), (9, 0.9032867171190446), (10, 0.8715766583045479)]
[2024-09-01 19:49:54,107][flwr][INFO] - app_fit: metrics_distributed_fit {}
[2024-09-01 19:49:54,107][flwr][INFO] - app_fit: metrics_distributed {}
[2024-09-01 19:49:54,107][flwr][INFO] - app_fit: losses_centralized [(0, 182.02455615997314), (1, 92.24923533201218), (2, 26.01685582846403), (3, 15.708087090402842), (4, 11.552664030343294), (5, 9.641234343638644), (6, 8.185487580252811), (7, 7.091515010222793), (8, 6.822447642451152), (9, 5.804305644822307), (10, 5.745719701983035)]
[2024-09-01 19:49:54,108][flwr][INFO] - app_fit: metrics_centralized {'accuracy': [(0, 0.0984), (1, 0.6593), (2, 0.894), (3, 0.9374), (4, 0.9538), (5, 0.9601), (6, 0.9649), (7, 0.9707), (8, 0.9715), (9, 0.9765), (10, 0.9777)]}
[2024-09-01 19:49:56,115][flwr][INFO] - Starting Flower simulation, config: ServerConfig(num_rounds=10, round_timeout=None)
[2024-09-01 19:50:00,979][flwr][INFO] - Flower VCE: Ray initialized with resources: {'CPU': 12.0, 'object_store_memory': 2705342054.0, 'memory': 5410684110.0, 'node:10.0.0.182': 1.0}
[2024-09-01 19:50:00,982][flwr][INFO] - Initializing global parameters
[2024-09-01 19:50:00,982][flwr][INFO] - Requesting initial parameters from one random client
[2024-09-01 19:50:01,725][flwr][INFO] - Received initial parameters from one random client
[2024-09-01 19:50:01,725][flwr][INFO] - Evaluating initial parameters
[2024-09-01 19:50:02,415][flwr][INFO] - initial parameters (loss, other metrics): 182.14096307754517, {'accuracy': 0.1071}
[2024-09-01 19:50:02,415][flwr][INFO] - FL starting
[2024-09-01 19:50:02,416][flwr][DEBUG] - fit_round 1: strategy sampled 2 clients (out of 2)
[2024-09-01 19:50:03,505][flwr][DEBUG] - fit_round 1 received 2 results and 0 failures
[2024-09-01 19:50:03,512][flwr][WARNING] - No fit_metrics_aggregation_fn provided
[2024-09-01 19:50:04,235][flwr][INFO] - fit progress: (1, 57.20872211456299, {'accuracy': 0.7885}, 1.8192247830011183)
[2024-09-01 19:50:04,235][flwr][DEBUG] - evaluate_round 1: strategy sampled 2 clients (out of 2)
[2024-09-01 19:50:04,486][flwr][DEBUG] - evaluate_round 1 received 2 results and 0 failures
[2024-09-01 19:50:04,486][flwr][WARNING] - No evaluate_metrics_aggregation_fn provided
[2024-09-01 19:50:04,487][flwr][DEBUG] - fit_round 2: strategy sampled 2 clients (out of 2)
[2024-09-01 19:50:05,149][flwr][DEBUG] - fit_round 2 received 2 results and 0 failures
[2024-09-01 19:50:05,857][flwr][INFO] - fit progress: (2, 21.944023106247187, {'accuracy': 0.9144}, 3.4412604560056934)
[2024-09-01 19:50:05,857][flwr][DEBUG] - evaluate_round 2: strategy sampled 2 clients (out of 2)
[2024-09-01 19:50:06,119][flwr][DEBUG] - evaluate_round 2 received 2 results and 0 failures
[2024-09-01 19:50:06,119][flwr][DEBUG] - fit_round 3: strategy sampled 2 clients (out of 2)
[2024-09-01 19:50:06,777][flwr][DEBUG] - fit_round 3 received 2 results and 0 failures
[2024-09-01 19:50:07,461][flwr][INFO] - fit progress: (3, 13.520754284225404, {'accuracy': 0.9458}, 5.045247992995428)
[2024-09-01 19:50:07,461][flwr][DEBUG] - evaluate_round 3: strategy sampled 2 clients (out of 2)
[2024-09-01 19:50:07,721][flwr][DEBUG] - evaluate_round 3 received 2 results and 0 failures
[2024-09-01 19:50:07,722][flwr][DEBUG] - fit_round 4: strategy sampled 2 clients (out of 2)
[2024-09-01 19:50:08,342][flwr][DEBUG] - fit_round 4 received 2 results and 0 failures
[2024-09-01 19:50:09,077][flwr][INFO] - fit progress: (4, 12.950616429559886, {'accuracy': 0.945}, 6.661821600006078)
[2024-09-01 19:50:09,078][flwr][DEBUG] - evaluate_round 4: strategy sampled 2 clients (out of 2)
[2024-09-01 19:50:09,341][flwr][DEBUG] - evaluate_round 4 received 2 results and 0 failures
[2024-09-01 19:50:09,341][flwr][DEBUG] - fit_round 5: strategy sampled 2 clients (out of 2)
[2024-09-01 19:50:10,057][flwr][DEBUG] - fit_round 5 received 2 results and 0 failures
[2024-09-01 19:50:10,720][flwr][INFO] - fit progress: (5, 9.855320682981983, {'accuracy': 0.9609}, 8.30426851399534)
[2024-09-01 19:50:10,720][flwr][DEBUG] - evaluate_round 5: strategy sampled 2 clients (out of 2)
[2024-09-01 19:50:10,981][flwr][DEBUG] - evaluate_round 5 received 2 results and 0 failures
[2024-09-01 19:50:10,981][flwr][DEBUG] - fit_round 6: strategy sampled 2 clients (out of 2)
[2024-09-01 19:50:11,728][flwr][DEBUG] - fit_round 6 received 2 results and 0 failures
[2024-09-01 19:50:12,444][flwr][INFO] - fit progress: (6, 9.333311112364754, {'accuracy': 0.9638}, 10.028903369995533)
[2024-09-01 19:50:12,445][flwr][DEBUG] - evaluate_round 6: strategy sampled 2 clients (out of 2)
[2024-09-01 19:50:12,723][flwr][DEBUG] - evaluate_round 6 received 2 results and 0 failures
[2024-09-01 19:50:12,724][flwr][DEBUG] - fit_round 7: strategy sampled 2 clients (out of 2)
[2024-09-01 19:50:13,411][flwr][DEBUG] - fit_round 7 received 2 results and 0 failures
[2024-09-01 19:50:14,137][flwr][INFO] - fit progress: (7, 8.131985132640693, {'accuracy': 0.9662}, 11.721743810005137)
[2024-09-01 19:50:14,137][flwr][DEBUG] - evaluate_round 7: strategy sampled 2 clients (out of 2)
[2024-09-01 19:50:14,428][flwr][DEBUG] - evaluate_round 7 received 2 results and 0 failures
[2024-09-01 19:50:14,428][flwr][DEBUG] - fit_round 8: strategy sampled 2 clients (out of 2)
[2024-09-01 19:50:15,098][flwr][DEBUG] - fit_round 8 received 2 results and 0 failures
[2024-09-01 19:50:15,781][flwr][INFO] - fit progress: (8, 8.27031756399083, {'accuracy': 0.97}, 13.365633770998102)
[2024-09-01 19:50:15,781][flwr][DEBUG] - evaluate_round 8: strategy sampled 2 clients (out of 2)
[2024-09-01 19:50:16,015][flwr][DEBUG] - evaluate_round 8 received 2 results and 0 failures
[2024-09-01 19:50:16,015][flwr][DEBUG] - fit_round 9: strategy sampled 2 clients (out of 2)
[2024-09-01 19:50:16,668][flwr][DEBUG] - fit_round 9 received 2 results and 0 failures
[2024-09-01 19:50:17,387][flwr][INFO] - fit progress: (9, 8.784569476149045, {'accuracy': 0.9661}, 14.971078479997232)
[2024-09-01 19:50:17,387][flwr][DEBUG] - evaluate_round 9: strategy sampled 2 clients (out of 2)
[2024-09-01 19:50:17,632][flwr][DEBUG] - evaluate_round 9 received 2 results and 0 failures
[2024-09-01 19:50:17,632][flwr][DEBUG] - fit_round 10: strategy sampled 2 clients (out of 2)
[2024-09-01 19:50:18,348][flwr][DEBUG] - fit_round 10 received 2 results and 0 failures
[2024-09-01 19:50:19,039][flwr][INFO] - fit progress: (10, 8.604289717157371, {'accuracy': 0.968}, 16.623888393005473)
[2024-09-01 19:50:19,040][flwr][DEBUG] - evaluate_round 10: strategy sampled 2 clients (out of 2)
[2024-09-01 19:50:19,293][flwr][DEBUG] - evaluate_round 10 received 2 results and 0 failures
[2024-09-01 19:50:19,293][flwr][INFO] - FL finished in 16.877952848997666
[2024-09-01 19:50:19,294][flwr][INFO] - app_fit: losses_distributed [(1, 7.185877785086632), (2, 2.861870814114809), (3, 1.8194584157317877), (4, 1.5890059787780046), (5, 1.3438282716087997), (6, 1.3190518193878233), (7, 1.0165898230625317), (8, 1.1338521413854323), (9, 0.9736668259138241), (10, 1.3869488849304616)]
[2024-09-01 19:50:19,294][flwr][INFO] - app_fit: metrics_distributed_fit {}
[2024-09-01 19:50:19,294][flwr][INFO] - app_fit: metrics_distributed {}
[2024-09-01 19:50:19,294][flwr][INFO] - app_fit: losses_centralized [(0, 182.14096307754517), (1, 57.20872211456299), (2, 21.944023106247187), (3, 13.520754284225404), (4, 12.950616429559886), (5, 9.855320682981983), (6, 9.333311112364754), (7, 8.131985132640693), (8, 8.27031756399083), (9, 8.784569476149045), (10, 8.604289717157371)]
[2024-09-01 19:50:19,294][flwr][INFO] - app_fit: metrics_centralized {'accuracy': [(0, 0.1071), (1, 0.7885), (2, 0.9144), (3, 0.9458), (4, 0.945), (5, 0.9609), (6, 0.9638), (7, 0.9662), (8, 0.97), (9, 0.9661), (10, 0.968)]}
[2024-09-01 19:50:23,304][flwr][INFO] - Starting Flower simulation, config: ServerConfig(num_rounds=10, round_timeout=None)
[2024-09-01 19:50:28,002][flwr][INFO] - Flower VCE: Ray initialized with resources: {'node:10.0.0.182': 1.0, 'CPU': 12.0, 'object_store_memory': 2706548736.0, 'memory': 5413097472.0}
[2024-09-01 19:50:28,005][flwr][INFO] - Initializing global parameters
[2024-09-01 19:50:28,005][flwr][INFO] - Requesting initial parameters from one random client
[2024-09-01 19:50:28,775][flwr][INFO] - Received initial parameters from one random client
[2024-09-01 19:50:28,776][flwr][INFO] - Evaluating initial parameters
[2024-09-01 19:50:29,434][flwr][INFO] - initial parameters (loss, other metrics): 182.01287174224854, {'accuracy': 0.1012}
[2024-09-01 19:50:29,434][flwr][INFO] - FL starting
[2024-09-01 19:50:29,434][flwr][DEBUG] - fit_round 1: strategy sampled 4 clients (out of 4)
[2024-09-01 19:50:31,246][flwr][DEBUG] - fit_round 1 received 4 results and 0 failures
[2024-09-01 19:50:31,253][flwr][WARNING] - No fit_metrics_aggregation_fn provided
[2024-09-01 19:50:31,953][flwr][INFO] - fit progress: (1, 65.74980032444, {'accuracy': 0.7595}, 2.5184051600081148)
[2024-09-01 19:50:31,953][flwr][DEBUG] - evaluate_round 1: strategy sampled 4 clients (out of 4)
[2024-09-01 19:50:32,375][flwr][DEBUG] - evaluate_round 1 received 4 results and 0 failures
[2024-09-01 19:50:32,375][flwr][WARNING] - No evaluate_metrics_aggregation_fn provided
[2024-09-01 19:50:32,375][flwr][DEBUG] - fit_round 2: strategy sampled 4 clients (out of 4)
[2024-09-01 19:50:33,505][flwr][DEBUG] - fit_round 2 received 4 results and 0 failures
[2024-09-01 19:50:34,207][flwr][INFO] - fit progress: (2, 19.94558895006776, {'accuracy': 0.9207}, 4.772472512006061)
[2024-09-01 19:50:34,207][flwr][DEBUG] - evaluate_round 2: strategy sampled 4 clients (out of 4)
[2024-09-01 19:50:34,658][flwr][DEBUG] - evaluate_round 2 received 4 results and 0 failures
[2024-09-01 19:50:34,658][flwr][DEBUG] - fit_round 3: strategy sampled 4 clients (out of 4)
[2024-09-01 19:50:35,640][flwr][DEBUG] - fit_round 3 received 4 results and 0 failures
[2024-09-01 19:50:36,345][flwr][INFO] - fit progress: (3, 12.677029756829143, {'accuracy': 0.9514}, 6.910763986001257)
[2024-09-01 19:50:36,345][flwr][DEBUG] - evaluate_round 3: strategy sampled 4 clients (out of 4)
[2024-09-01 19:50:36,832][flwr][DEBUG] - evaluate_round 3 received 4 results and 0 failures
[2024-09-01 19:50:36,833][flwr][DEBUG] - fit_round 4: strategy sampled 4 clients (out of 4)
[2024-09-01 19:50:37,865][flwr][DEBUG] - fit_round 4 received 4 results and 0 failures
[2024-09-01 19:50:38,547][flwr][INFO] - fit progress: (4, 11.048825384117663, {'accuracy': 0.9567}, 9.11269889700634)
[2024-09-01 19:50:38,547][flwr][DEBUG] - evaluate_round 4: strategy sampled 4 clients (out of 4)
[2024-09-01 19:50:38,993][flwr][DEBUG] - evaluate_round 4 received 4 results and 0 failures
[2024-09-01 19:50:38,993][flwr][DEBUG] - fit_round 5: strategy sampled 4 clients (out of 4)
[2024-09-01 19:50:39,977][flwr][DEBUG] - fit_round 5 received 4 results and 0 failures
[2024-09-01 19:50:40,681][flwr][INFO] - fit progress: (5, 11.179728935938329, {'accuracy': 0.9533}, 11.247217483003624)
[2024-09-01 19:50:40,682][flwr][DEBUG] - evaluate_round 5: strategy sampled 4 clients (out of 4)
[2024-09-01 19:50:41,121][flwr][DEBUG] - evaluate_round 5 received 4 results and 0 failures
[2024-09-01 19:50:41,121][flwr][DEBUG] - fit_round 6: strategy sampled 4 clients (out of 4)
[2024-09-01 19:50:42,163][flwr][DEBUG] - fit_round 6 received 4 results and 0 failures
[2024-09-01 19:50:42,869][flwr][INFO] - fit progress: (6, 10.190118419006467, {'accuracy': 0.9582}, 13.43533256399678)
[2024-09-01 19:50:42,870][flwr][DEBUG] - evaluate_round 6: strategy sampled 4 clients (out of 4)
[2024-09-01 19:50:43,335][flwr][DEBUG] - evaluate_round 6 received 4 results and 0 failures
[2024-09-01 19:50:43,335][flwr][DEBUG] - fit_round 7: strategy sampled 4 clients (out of 4)
[2024-09-01 19:50:44,292][flwr][DEBUG] - fit_round 7 received 4 results and 0 failures
[2024-09-01 19:50:44,996][flwr][INFO] - fit progress: (7, 8.277032965328544, {'accuracy': 0.9663}, 15.562290760004544)
[2024-09-01 19:50:44,997][flwr][DEBUG] - evaluate_round 7: strategy sampled 4 clients (out of 4)
[2024-09-01 19:50:45,379][flwr][DEBUG] - evaluate_round 7 received 4 results and 0 failures
[2024-09-01 19:50:45,380][flwr][DEBUG] - fit_round 8: strategy sampled 4 clients (out of 4)
[2024-09-01 19:50:46,301][flwr][DEBUG] - fit_round 8 received 4 results and 0 failures
[2024-09-01 19:50:46,974][flwr][INFO] - fit progress: (8, 6.987633876822656, {'accuracy': 0.971}, 17.539768784001353)
[2024-09-01 19:50:46,974][flwr][DEBUG] - evaluate_round 8: strategy sampled 4 clients (out of 4)
[2024-09-01 19:50:47,436][flwr][DEBUG] - evaluate_round 8 received 4 results and 0 failures
[2024-09-01 19:50:47,436][flwr][DEBUG] - fit_round 9: strategy sampled 4 clients (out of 4)
[2024-09-01 19:50:48,382][flwr][DEBUG] - fit_round 9 received 4 results and 0 failures
[2024-09-01 19:50:49,067][flwr][INFO] - fit progress: (9, 6.741959724575281, {'accuracy': 0.9708}, 19.632811429997673)
[2024-09-01 19:50:49,067][flwr][DEBUG] - evaluate_round 9: strategy sampled 4 clients (out of 4)
[2024-09-01 19:50:49,489][flwr][DEBUG] - evaluate_round 9 received 4 results and 0 failures
[2024-09-01 19:50:49,489][flwr][DEBUG] - fit_round 10: strategy sampled 4 clients (out of 4)
[2024-09-01 19:50:50,625][flwr][DEBUG] - fit_round 10 received 4 results and 0 failures
[2024-09-01 19:50:51,351][flwr][INFO] - fit progress: (10, 6.944341729453299, {'accuracy': 0.9711}, 21.916480724001303)
[2024-09-01 19:50:51,351][flwr][DEBUG] - evaluate_round 10: strategy sampled 4 clients (out of 4)
[2024-09-01 19:50:51,825][flwr][DEBUG] - evaluate_round 10 received 4 results and 0 failures
[2024-09-01 19:50:51,825][flwr][INFO] - FL finished in 22.390672478999477
[2024-09-01 19:50:51,825][flwr][INFO] - app_fit: losses_distributed [(1, 8.929257020354271), (2, 3.3134819036349654), (3, 1.8522668569348752), (4, 1.7536806729622185), (5, 1.5236843130551279), (6, 1.449442421697313), (7, 1.2420116710709408), (8, 1.0883722594735445), (9, 1.1230956676590722), (10, 1.029315442276129)]
[2024-09-01 19:50:51,825][flwr][INFO] - app_fit: metrics_distributed_fit {}
[2024-09-01 19:50:51,825][flwr][INFO] - app_fit: metrics_distributed {}
[2024-09-01 19:50:51,825][flwr][INFO] - app_fit: losses_centralized [(0, 182.01287174224854), (1, 65.74980032444), (2, 19.94558895006776), (3, 12.677029756829143), (4, 11.048825384117663), (5, 11.179728935938329), (6, 10.190118419006467), (7, 8.277032965328544), (8, 6.987633876822656), (9, 6.741959724575281), (10, 6.944341729453299)]
[2024-09-01 19:50:51,825][flwr][INFO] - app_fit: metrics_centralized {'accuracy': [(0, 0.1012), (1, 0.7595), (2, 0.9207), (3, 0.9514), (4, 0.9567), (5, 0.9533), (6, 0.9582), (7, 0.9663), (8, 0.971), (9, 0.9708), (10, 0.9711)]}
[2024-09-01 19:50:56,837][flwr][INFO] - Starting Flower simulation, config: ServerConfig(num_rounds=10, round_timeout=None)
[2024-09-01 19:51:01,358][flwr][INFO] - Flower VCE: Ray initialized with resources: {'memory': 5407137792.0, 'node:10.0.0.182': 1.0, 'object_store_memory': 2703568896.0, 'CPU': 12.0}
[2024-09-01 19:51:01,361][flwr][INFO] - Initializing global parameters
[2024-09-01 19:51:01,361][flwr][INFO] - Requesting initial parameters from one random client
[2024-09-01 19:51:02,141][flwr][INFO] - Received initial parameters from one random client
[2024-09-01 19:51:02,141][flwr][INFO] - Evaluating initial parameters
[2024-09-01 19:51:02,831][flwr][INFO] - initial parameters (loss, other metrics): 182.1139702796936, {'accuracy': 0.0941}
[2024-09-01 19:51:02,831][flwr][INFO] - FL starting
[2024-09-01 19:51:02,831][flwr][DEBUG] - fit_round 1: strategy sampled 5 clients (out of 5)
[2024-09-01 19:51:04,927][flwr][DEBUG] - fit_round 1 received 5 results and 0 failures
[2024-09-01 19:51:04,942][flwr][WARNING] - No fit_metrics_aggregation_fn provided
[2024-09-01 19:51:05,695][flwr][INFO] - fit progress: (1, 39.01205499470234, {'accuracy': 0.8399}, 2.8645652260020142)
[2024-09-01 19:51:05,696][flwr][DEBUG] - evaluate_round 1: strategy sampled 5 clients (out of 5)
[2024-09-01 19:51:06,282][flwr][DEBUG] - evaluate_round 1 received 5 results and 0 failures
[2024-09-01 19:51:06,282][flwr][WARNING] - No evaluate_metrics_aggregation_fn provided
[2024-09-01 19:51:06,282][flwr][DEBUG] - fit_round 2: strategy sampled 5 clients (out of 5)
[2024-09-01 19:51:07,392][flwr][DEBUG] - fit_round 2 received 5 results and 0 failures
[2024-09-01 19:51:08,092][flwr][INFO] - fit progress: (2, 16.611443715170026, {'accuracy': 0.9354}, 5.260835505003342)
[2024-09-01 19:51:08,092][flwr][DEBUG] - evaluate_round 2: strategy sampled 5 clients (out of 5)
[2024-09-01 19:51:08,629][flwr][DEBUG] - evaluate_round 2 received 5 results and 0 failures
[2024-09-01 19:51:08,630][flwr][DEBUG] - fit_round 3: strategy sampled 5 clients (out of 5)
[2024-09-01 19:51:09,787][flwr][DEBUG] - fit_round 3 received 5 results and 0 failures
[2024-09-01 19:51:10,486][flwr][INFO] - fit progress: (3, 12.23714941367507, {'accuracy': 0.9506}, 7.655402853008127)
[2024-09-01 19:51:10,486][flwr][DEBUG] - evaluate_round 3: strategy sampled 5 clients (out of 5)
[2024-09-01 19:51:10,945][flwr][DEBUG] - evaluate_round 3 received 5 results and 0 failures
[2024-09-01 19:51:10,945][flwr][DEBUG] - fit_round 4: strategy sampled 5 clients (out of 5)
[2024-09-01 19:51:12,030][flwr][DEBUG] - fit_round 4 received 5 results and 0 failures
[2024-09-01 19:51:12,741][flwr][INFO] - fit progress: (4, 10.321449402719736, {'accuracy': 0.9574}, 9.910325401011505)
[2024-09-01 19:51:12,741][flwr][DEBUG] - evaluate_round 4: strategy sampled 5 clients (out of 5)
[2024-09-01 19:51:13,317][flwr][DEBUG] - evaluate_round 4 received 5 results and 0 failures
[2024-09-01 19:51:13,318][flwr][DEBUG] - fit_round 5: strategy sampled 5 clients (out of 5)
[2024-09-01 19:51:14,442][flwr][DEBUG] - fit_round 5 received 5 results and 0 failures
[2024-09-01 19:51:15,153][flwr][INFO] - fit progress: (5, 8.353256807196885, {'accuracy': 0.9651}, 12.322449955012416)
[2024-09-01 19:51:15,153][flwr][DEBUG] - evaluate_round 5: strategy sampled 5 clients (out of 5)
[2024-09-01 19:51:15,749][flwr][DEBUG] - evaluate_round 5 received 5 results and 0 failures
[2024-09-01 19:51:15,750][flwr][DEBUG] - fit_round 6: strategy sampled 5 clients (out of 5)
[2024-09-01 19:51:16,916][flwr][DEBUG] - fit_round 6 received 5 results and 0 failures
[2024-09-01 19:51:17,600][flwr][INFO] - fit progress: (6, 7.4985239179222845, {'accuracy': 0.9707}, 14.769585234011174)
[2024-09-01 19:51:17,601][flwr][DEBUG] - evaluate_round 6: strategy sampled 5 clients (out of 5)
[2024-09-01 19:51:18,089][flwr][DEBUG] - evaluate_round 6 received 5 results and 0 failures
[2024-09-01 19:51:18,089][flwr][DEBUG] - fit_round 7: strategy sampled 5 clients (out of 5)
[2024-09-01 19:51:19,211][flwr][DEBUG] - fit_round 7 received 5 results and 0 failures
[2024-09-01 19:51:19,926][flwr][INFO] - fit progress: (7, 7.514798925607465, {'accuracy': 0.9697}, 17.09503678001056)
[2024-09-01 19:51:19,926][flwr][DEBUG] - evaluate_round 7: strategy sampled 5 clients (out of 5)
[2024-09-01 19:51:20,617][flwr][DEBUG] - evaluate_round 7 received 5 results and 0 failures
[2024-09-01 19:51:20,618][flwr][DEBUG] - fit_round 8: strategy sampled 5 clients (out of 5)
[2024-09-01 19:51:21,719][flwr][DEBUG] - fit_round 8 received 5 results and 0 failures
[2024-09-01 19:51:22,418][flwr][INFO] - fit progress: (8, 6.510075253812829, {'accuracy': 0.9743}, 19.587734647007892)
[2024-09-01 19:51:22,419][flwr][DEBUG] - evaluate_round 8: strategy sampled 5 clients (out of 5)
[2024-09-01 19:51:22,966][flwr][DEBUG] - evaluate_round 8 received 5 results and 0 failures
[2024-09-01 19:51:22,966][flwr][DEBUG] - fit_round 9: strategy sampled 5 clients (out of 5)
[2024-09-01 19:51:24,017][flwr][DEBUG] - fit_round 9 received 5 results and 0 failures
[2024-09-01 19:51:24,718][flwr][INFO] - fit progress: (9, 6.438674248376628, {'accuracy': 0.9752}, 21.887124012006097)
[2024-09-01 19:51:24,718][flwr][DEBUG] - evaluate_round 9: strategy sampled 5 clients (out of 5)
[2024-09-01 19:51:25,313][flwr][DEBUG] - evaluate_round 9 received 5 results and 0 failures
[2024-09-01 19:51:25,314][flwr][DEBUG] - fit_round 10: strategy sampled 5 clients (out of 5)
[2024-09-01 19:51:26,489][flwr][DEBUG] - fit_round 10 received 5 results and 0 failures
[2024-09-01 19:51:27,205][flwr][INFO] - fit progress: (10, 5.828437538963044, {'accuracy': 0.9768}, 24.373920748999808)
[2024-09-01 19:51:27,205][flwr][DEBUG] - evaluate_round 10: strategy sampled 5 clients (out of 5)
[2024-09-01 19:51:27,690][flwr][DEBUG] - evaluate_round 10 received 5 results and 0 failures
[2024-09-01 19:51:27,690][flwr][INFO] - FL finished in 24.85929354300606
[2024-09-01 19:51:27,690][flwr][INFO] - app_fit: losses_distributed [(1, 5.136733880639076), (2, 2.111963213980198), (3, 1.5476770874112844), (4, 1.243879310041666), (5, 0.9769388511776924), (6, 0.9035464566200971), (7, 0.9480269838124513), (8, 0.7730212399736047), (9, 0.7729602308478206), (10, 0.675881406571716)]
[2024-09-01 19:51:27,690][flwr][INFO] - app_fit: metrics_distributed_fit {}
[2024-09-01 19:51:27,690][flwr][INFO] - app_fit: metrics_distributed {}
[2024-09-01 19:51:27,690][flwr][INFO] - app_fit: losses_centralized [(0, 182.1139702796936), (1, 39.01205499470234), (2, 16.611443715170026), (3, 12.23714941367507), (4, 10.321449402719736), (5, 8.353256807196885), (6, 7.4985239179222845), (7, 7.514798925607465), (8, 6.510075253812829), (9, 6.438674248376628), (10, 5.828437538963044)]
[2024-09-01 19:51:27,690][flwr][INFO] - app_fit: metrics_centralized {'accuracy': [(0, 0.0941), (1, 0.8399), (2, 0.9354), (3, 0.9506), (4, 0.9574), (5, 0.9651), (6, 0.9707), (7, 0.9697), (8, 0.9743), (9, 0.9752), (10, 0.9768)]}
